DEPRECATION WARNING: warning: white_list_sanitizer isdeprecated, please use safe_list_sanitizer instead. (called from block in <module:ContentHelper> at /Users/tanuka_das/.rvm/gems/ruby-2.6.1/gems/actiontext-6.0.0.rc2/app/helpers/action_text/content_helper.rb:7)
Started GET "/api/v1/charities" for ::1 at 2020-09-04 15:58:09 -0400
  [1m[35m (3.3ms)[0m  [1m[34mSELECT "schema_migrations"."version" FROM "schema_migrations" ORDER BY "schema_migrations"."version" ASC[0m
Processing by Api::V1::CharitiesController#index as HTML
  [1m[36mCharity Load (1.7ms)[0m  [1m[34mSELECT "charities".* FROM "charities"[0m
  ↳ app/controllers/api/v1/charities_controller.rb:6:in `index'
Completed 200 OK in 98ms (Views: 40.8ms | ActiveRecord: 42.3ms | Allocations: 13735)


Started GET "/api/v1/charities" for ::1 at 2020-09-04 15:58:26 -0400
Processing by Api::V1::CharitiesController#index as */*
  [1m[36mCharity Load (1.0ms)[0m  [1m[34mSELECT "charities".* FROM "charities"[0m
  ↳ app/controllers/api/v1/charities_controller.rb:6:in `index'
Completed 200 OK in 12ms (Views: 10.5ms | ActiveRecord: 1.0ms | Allocations: 5566)


DEPRECATION WARNING: warning: white_list_sanitizer isdeprecated, please use safe_list_sanitizer instead. (called from block in <module:ContentHelper> at /Users/tanuka_das/.rvm/gems/ruby-2.6.1/gems/actiontext-6.0.0.rc2/app/helpers/action_text/content_helper.rb:7)
Started GET "/api/v1/charities" for ::1 at 2020-09-04 16:31:27 -0400
Processing by Api::V1::CharitiesController#index as */*
  [1m[36mCharity Load (9.8ms)[0m  [1m[34mSELECT "charities".* FROM "charities"[0m
  ↳ app/controllers/api/v1/charities_controller.rb:6:in `index'
Completed 200 OK in 319ms (Views: 305.1ms | ActiveRecord: 9.8ms | Allocations: 5623)


Started GET "/api/v1/charities" for ::1 at 2020-09-04 16:48:45 -0400
Processing by Api::V1::CharitiesController#index as */*
  [1m[36mCharity Load (1.8ms)[0m  [1m[34mSELECT "charities".* FROM "charities"[0m
  ↳ app/controllers/api/v1/charities_controller.rb:6:in `index'
Completed 200 OK in 198ms (Views: 189.7ms | ActiveRecord: 1.8ms | Allocations: 5622)


Started GET "/api/img_nature_wide.jpg" for 127.0.0.1 at 2020-09-04 20:27:16 -0400
Started GET "/api/img_snow_wide.jpg" for 127.0.0.1 at 2020-09-04 20:27:16 -0400
Started GET "/api/img_mountains_wide.jpg" for 127.0.0.1 at 2020-09-04 20:27:16 -0400
  
ActionController::RoutingError (No route matches [GET] "/api/img_snow_wide.jpg"):
  
actionpack (6.0.0.rc2) lib/action_dispatch/middleware/debug_exceptions.rb:36:in `call'
actionpack (6.0.0.rc2) lib/action_dispatch/middleware/show_exceptions.rb:33:in `call'
railties (6.0.0.rc2) lib/rails/rack/logger.rb:38:in `call_app'
railties (6.0.0.rc2) lib/rails/rack/logger.rb:26:in `block in call'
activesupport (6.0.0.rc2) lib/active_support/tagged_logging.rb:80:in `block in tagged'
activesupport (6.0.0.rc2) lib/active_support/tagged_logging.rb:28:in `tagged'
activesupport (6.0.0.rc2) lib/active_support/tagged_logging.rb:80:in `tagged'
railties (6.0.0.rc2) lib/rails/rack/logger.rb:26:in `call'
actionpack (6.0.0.rc2) lib/action_dispatch/middleware/remote_ip.rb:81:in `call'
actionpack (6.0.0.rc2) lib/action_dispatch/middleware/request_id.rb:27:in `call'
rack (2.0.7) lib/rack/runtime.rb:22:in `call'
activesupport (6.0.0.rc2) lib/active_support/cache/strategy/local_cache_middleware.rb:29:in `call'
actionpack (6.0.0.rc2) lib/action_dispatch/middleware/executor.rb:14:in `call'
actionpack (6.0.0.rc2) lib/action_dispatch/middleware/static.rb:126:in `call'
rack (2.0.7) lib/rack/sendfile.rb:111:in `call'
actionpack (6.0.0.rc2) lib/action_dispatch/middleware/host_authorization.rb:83:in `call'
rack-cors (1.0.3) lib/rack/cors.rb:95:in `call'
railties (6.0.0.rc2) lib/rails/engine.rb:526:in `call'
puma (3.12.1) lib/puma/configuration.rb:227:in `call'
puma (3.12.1) lib/puma/server.rb:660:in `handle_request'
puma (3.12.1) lib/puma/server.rb:474:in `process_client'
puma (3.12.1) lib/puma/server.rb:334:in `block in run'
puma (3.12.1) lib/puma/thread_pool.rb:135:in `block in spawn_thread'
  
ActionController::RoutingError (No route matches [GET] "/api/img_nature_wide.jpg"):
  
actionpack (6.0.0.rc2) lib/action_dispatch/middleware/debug_exceptions.rb:36:in `call'
actionpack (6.0.0.rc2) lib/action_dispatch/middleware/show_exceptions.rb:33:in `call'
railties (6.0.0.rc2) lib/rails/rack/logger.rb:38:in `call_app'
railties (6.0.0.rc2) lib/rails/rack/logger.rb:26:in `block in call'
activesupport (6.0.0.rc2) lib/active_support/tagged_logging.rb:80:in `block in tagged'
activesupport (6.0.0.rc2) lib/active_support/tagged_logging.rb:28:in `tagged'
activesupport (6.0.0.rc2) lib/active_support/tagged_logging.rb:80:in `tagged'
railties (6.0.0.rc2) lib/rails/rack/logger.rb:26:in `call'
actionpack (6.0.0.rc2) lib/action_dispatch/middleware/remote_ip.rb:81:in `call'
actionpack (6.0.0.rc2) lib/action_dispatch/middleware/request_id.rb:27:in `call'
rack (2.0.7) lib/rack/runtime.rb:22:in `call'
activesupport (6.0.0.rc2) lib/active_support/cache/strategy/local_cache_middleware.rb:29:in `call'
actionpack (6.0.0.rc2) lib/action_dispatch/middleware/executor.rb:14:in `call'
actionpack (6.0.0.rc2) lib/action_dispatch/middleware/static.rb:126:in `call'
rack (2.0.7) lib/rack/sendfile.rb:111:in `call'
actionpack (6.0.0.rc2) lib/action_dispatch/middleware/host_authorization.rb:83:in `call'
rack-cors (1.0.3) lib/rack/cors.rb:95:in `call'
railties (6.0.0.rc2) lib/rails/engine.rb:526:in `call'
puma (3.12.1) lib/puma/configuration.rb:227:in `call'
puma (3.12.1) lib/puma/server.rb:660:in `handle_request'
puma (3.12.1) lib/puma/server.rb:474:in `process_client'
puma (3.12.1) lib/puma/server.rb:334:in `block in run'
puma (3.12.1) lib/puma/thread_pool.rb:135:in `block in spawn_thread'
  
ActionController::RoutingError (No route matches [GET] "/api/img_mountains_wide.jpg"):
  
actionpack (6.0.0.rc2) lib/action_dispatch/middleware/debug_exceptions.rb:36:in `call'
actionpack (6.0.0.rc2) lib/action_dispatch/middleware/show_exceptions.rb:33:in `call'
railties (6.0.0.rc2) lib/rails/rack/logger.rb:38:in `call_app'
railties (6.0.0.rc2) lib/rails/rack/logger.rb:26:in `block in call'
activesupport (6.0.0.rc2) lib/active_support/tagged_logging.rb:80:in `block in tagged'
activesupport (6.0.0.rc2) lib/active_support/tagged_logging.rb:28:in `tagged'
activesupport (6.0.0.rc2) lib/active_support/tagged_logging.rb:80:in `tagged'
railties (6.0.0.rc2) lib/rails/rack/logger.rb:26:in `call'
actionpack (6.0.0.rc2) lib/action_dispatch/middleware/remote_ip.rb:81:in `call'
actionpack (6.0.0.rc2) lib/action_dispatch/middleware/request_id.rb:27:in `call'
rack (2.0.7) lib/rack/runtime.rb:22:in `call'
activesupport (6.0.0.rc2) lib/active_support/cache/strategy/local_cache_middleware.rb:29:in `call'
actionpack (6.0.0.rc2) lib/action_dispatch/middleware/executor.rb:14:in `call'
actionpack (6.0.0.rc2) lib/action_dispatch/middleware/static.rb:126:in `call'
rack (2.0.7) lib/rack/sendfile.rb:111:in `call'
actionpack (6.0.0.rc2) lib/action_dispatch/middleware/host_authorization.rb:83:in `call'
rack-cors (1.0.3) lib/rack/cors.rb:95:in `call'
railties (6.0.0.rc2) lib/rails/engine.rb:526:in `call'
puma (3.12.1) lib/puma/configuration.rb:227:in `call'
puma (3.12.1) lib/puma/server.rb:660:in `handle_request'
puma (3.12.1) lib/puma/server.rb:474:in `process_client'
puma (3.12.1) lib/puma/server.rb:334:in `block in run'
puma (3.12.1) lib/puma/thread_pool.rb:135:in `block in spawn_thread'
Started GET "/api/v1/charities" for ::1 at 2020-09-04 20:27:17 -0400
Processing by Api::V1::CharitiesController#index as */*
  [1m[36mCharity Load (8.1ms)[0m  [1m[34mSELECT "charities".* FROM "charities"[0m
  ↳ app/controllers/api/v1/charities_controller.rb:6:in `index'
Completed 200 OK in 58ms (Views: 48.5ms | ActiveRecord: 8.1ms | Allocations: 5609)


Started GET "/api/v1/charities" for ::1 at 2020-09-04 20:27:36 -0400
Processing by Api::V1::CharitiesController#index as */*
  [1m[36mCharity Load (7.9ms)[0m  [1m[34mSELECT "charities".* FROM "charities"[0m
  ↳ app/controllers/api/v1/charities_controller.rb:6:in `index'
Completed 200 OK in 235ms (Views: 219.9ms | ActiveRecord: 7.9ms | Allocations: 5560)


Started GET "/api/v1/charities" for ::1 at 2020-09-04 20:49:08 -0400
Processing by Api::V1::CharitiesController#index as */*
  [1m[36mCharity Load (4.1ms)[0m  [1m[34mSELECT "charities".* FROM "charities"[0m
  ↳ app/controllers/api/v1/charities_controller.rb:6:in `index'
Completed 200 OK in 211ms (Views: 193.9ms | ActiveRecord: 4.1ms | Allocations: 5610)


DEPRECATION WARNING: warning: white_list_sanitizer isdeprecated, please use safe_list_sanitizer instead. (called from block in <module:ContentHelper> at /Users/tanuka_das/.rvm/gems/ruby-2.6.1/gems/actiontext-6.0.0.rc2/app/helpers/action_text/content_helper.rb:7)
Started GET "/api/v1/charities" for ::1 at 2020-09-04 21:35:26 -0400
  [1m[35m (1.9ms)[0m  [1m[34mSELECT "schema_migrations"."version" FROM "schema_migrations" ORDER BY "schema_migrations"."version" ASC[0m
Processing by Api::V1::CharitiesController#index as */*
  [1m[36mCharity Load (1.4ms)[0m  [1m[34mSELECT "charities".* FROM "charities"[0m
  ↳ app/controllers/api/v1/charities_controller.rb:6:in `index'
Completed 200 OK in 77ms (Views: 34.4ms | ActiveRecord: 36.1ms | Allocations: 13328)


Started GET "/api/v1/charities" for ::1 at 2020-09-04 21:37:16 -0400
Processing by Api::V1::CharitiesController#index as */*
  [1m[36mCharity Load (1.6ms)[0m  [1m[34mSELECT "charities".* FROM "charities"[0m
  ↳ app/controllers/api/v1/charities_controller.rb:6:in `index'
Completed 200 OK in 16ms (Views: 13.9ms | ActiveRecord: 1.6ms | Allocations: 5565)


Started GET "/api/v1/charities" for ::1 at 2020-09-04 21:38:03 -0400
Processing by Api::V1::CharitiesController#index as */*
  [1m[36mCharity Load (1.3ms)[0m  [1m[34mSELECT "charities".* FROM "charities"[0m
  ↳ app/controllers/api/v1/charities_controller.rb:6:in `index'
Completed 200 OK in 31ms (Views: 27.7ms | ActiveRecord: 1.3ms | Allocations: 5566)


DEPRECATION WARNING: warning: white_list_sanitizer isdeprecated, please use safe_list_sanitizer instead. (called from block in <module:ContentHelper> at /Users/tanuka_das/.rvm/gems/ruby-2.6.1/gems/actiontext-6.0.0.rc2/app/helpers/action_text/content_helper.rb:7)
Started GET "/charity" for ::1 at 2020-09-04 21:38:35 -0400
  [1m[35m (2.6ms)[0m  [1m[34mSELECT "schema_migrations"."version" FROM "schema_migrations" ORDER BY "schema_migrations"."version" ASC[0m
  
ActionController::RoutingError (No route matches [GET] "/charity"):
  
actionpack (6.0.0.rc2) lib/action_dispatch/middleware/debug_exceptions.rb:36:in `call'
actionpack (6.0.0.rc2) lib/action_dispatch/middleware/show_exceptions.rb:33:in `call'
railties (6.0.0.rc2) lib/rails/rack/logger.rb:38:in `call_app'
railties (6.0.0.rc2) lib/rails/rack/logger.rb:26:in `block in call'
activesupport (6.0.0.rc2) lib/active_support/tagged_logging.rb:80:in `block in tagged'
activesupport (6.0.0.rc2) lib/active_support/tagged_logging.rb:28:in `tagged'
activesupport (6.0.0.rc2) lib/active_support/tagged_logging.rb:80:in `tagged'
railties (6.0.0.rc2) lib/rails/rack/logger.rb:26:in `call'
actionpack (6.0.0.rc2) lib/action_dispatch/middleware/remote_ip.rb:81:in `call'
actionpack (6.0.0.rc2) lib/action_dispatch/middleware/request_id.rb:27:in `call'
rack (2.0.7) lib/rack/runtime.rb:22:in `call'
activesupport (6.0.0.rc2) lib/active_support/cache/strategy/local_cache_middleware.rb:29:in `call'
actionpack (6.0.0.rc2) lib/action_dispatch/middleware/executor.rb:14:in `call'
actionpack (6.0.0.rc2) lib/action_dispatch/middleware/static.rb:126:in `call'
rack (2.0.7) lib/rack/sendfile.rb:111:in `call'
actionpack (6.0.0.rc2) lib/action_dispatch/middleware/host_authorization.rb:83:in `call'
rack-cors (1.0.3) lib/rack/cors.rb:95:in `call'
railties (6.0.0.rc2) lib/rails/engine.rb:526:in `call'
puma (3.12.1) lib/puma/configuration.rb:227:in `call'
puma (3.12.1) lib/puma/server.rb:660:in `handle_request'
puma (3.12.1) lib/puma/server.rb:474:in `process_client'
puma (3.12.1) lib/puma/server.rb:334:in `block in run'
puma (3.12.1) lib/puma/thread_pool.rb:135:in `block in spawn_thread'
Started GET "/charities" for ::1 at 2020-09-04 21:38:47 -0400
  
ActionController::RoutingError (No route matches [GET] "/charities"):
  
actionpack (6.0.0.rc2) lib/action_dispatch/middleware/debug_exceptions.rb:36:in `call'
actionpack (6.0.0.rc2) lib/action_dispatch/middleware/show_exceptions.rb:33:in `call'
railties (6.0.0.rc2) lib/rails/rack/logger.rb:38:in `call_app'
railties (6.0.0.rc2) lib/rails/rack/logger.rb:26:in `block in call'
activesupport (6.0.0.rc2) lib/active_support/tagged_logging.rb:80:in `block in tagged'
activesupport (6.0.0.rc2) lib/active_support/tagged_logging.rb:28:in `tagged'
activesupport (6.0.0.rc2) lib/active_support/tagged_logging.rb:80:in `tagged'
railties (6.0.0.rc2) lib/rails/rack/logger.rb:26:in `call'
actionpack (6.0.0.rc2) lib/action_dispatch/middleware/remote_ip.rb:81:in `call'
actionpack (6.0.0.rc2) lib/action_dispatch/middleware/request_id.rb:27:in `call'
rack (2.0.7) lib/rack/runtime.rb:22:in `call'
activesupport (6.0.0.rc2) lib/active_support/cache/strategy/local_cache_middleware.rb:29:in `call'
actionpack (6.0.0.rc2) lib/action_dispatch/middleware/executor.rb:14:in `call'
actionpack (6.0.0.rc2) lib/action_dispatch/middleware/static.rb:126:in `call'
rack (2.0.7) lib/rack/sendfile.rb:111:in `call'
actionpack (6.0.0.rc2) lib/action_dispatch/middleware/host_authorization.rb:83:in `call'
rack-cors (1.0.3) lib/rack/cors.rb:95:in `call'
railties (6.0.0.rc2) lib/rails/engine.rb:526:in `call'
puma (3.12.1) lib/puma/configuration.rb:227:in `call'
puma (3.12.1) lib/puma/server.rb:660:in `handle_request'
puma (3.12.1) lib/puma/server.rb:474:in `process_client'
puma (3.12.1) lib/puma/server.rb:334:in `block in run'
puma (3.12.1) lib/puma/thread_pool.rb:135:in `block in spawn_thread'
Started GET "/api/v1/charities" for ::1 at 2020-09-04 21:39:17 -0400
Processing by Api::V1::CharitiesController#index as HTML
  [1m[36mCharity Load (2.0ms)[0m  [1m[34mSELECT "charities".* FROM "charities"[0m
  ↳ app/controllers/api/v1/charities_controller.rb:6:in `index'
Completed 200 OK in 38ms (Views: 21.2ms | ActiveRecord: 10.5ms | Allocations: 13407)


Started GET "/api/v1/charities" for ::1 at 2020-09-04 21:39:23 -0400
Processing by Api::V1::CharitiesController#index as */*
  [1m[36mCharity Load (0.8ms)[0m  [1m[34mSELECT "charities".* FROM "charities"[0m
  ↳ app/controllers/api/v1/charities_controller.rb:6:in `index'
Completed 200 OK in 10ms (Views: 9.2ms | ActiveRecord: 0.8ms | Allocations: 5566)


Started GET "/api/v1/charities" for ::1 at 2020-09-04 21:40:08 -0400
Processing by Api::V1::CharitiesController#index as */*
  [1m[36mCharity Load (1.9ms)[0m  [1m[34mSELECT "charities".* FROM "charities"[0m
  ↳ app/controllers/api/v1/charities_controller.rb:6:in `index'
Completed 200 OK in 15ms (Views: 12.5ms | ActiveRecord: 1.9ms | Allocations: 5565)


Started GET "/api/v1/charities" for ::1 at 2020-09-04 21:41:15 -0400
Processing by Api::V1::CharitiesController#index as */*
  [1m[36mCharity Load (0.7ms)[0m  [1m[34mSELECT "charities".* FROM "charities"[0m
  ↳ app/controllers/api/v1/charities_controller.rb:6:in `index'
Completed 200 OK in 10ms (Views: 9.2ms | ActiveRecord: 0.7ms | Allocations: 5562)


DEPRECATION WARNING: warning: white_list_sanitizer isdeprecated, please use safe_list_sanitizer instead. (called from block in <module:ContentHelper> at /Users/tanuka_das/.rvm/gems/ruby-2.6.1/gems/actiontext-6.0.0.rc2/app/helpers/action_text/content_helper.rb:7)
Started GET "/api/v1/charities" for ::1 at 2020-09-04 21:41:44 -0400
  [1m[35m (8.0ms)[0m  [1m[34mSELECT "schema_migrations"."version" FROM "schema_migrations" ORDER BY "schema_migrations"."version" ASC[0m
Processing by Api::V1::CharitiesController#index as */*
  [1m[36mCharity Load (0.8ms)[0m  [1m[34mSELECT "charities".* FROM "charities"[0m
  ↳ app/controllers/api/v1/charities_controller.rb:6:in `index'
Completed 200 OK in 38ms (Views: 25.2ms | ActiveRecord: 8.4ms | Allocations: 13326)


Started GET "/api/v1/charities" for ::1 at 2020-09-04 21:50:31 -0400
Processing by Api::V1::CharitiesController#index as */*
  [1m[36mCharity Load (1.7ms)[0m  [1m[34mSELECT "charities".* FROM "charities"[0m
  ↳ app/controllers/api/v1/charities_controller.rb:6:in `index'
Completed 200 OK in 72ms (Views: 69.4ms | ActiveRecord: 1.7ms | Allocations: 5622)


Started GET "/api/v1/charities" for ::1 at 2020-09-04 21:50:48 -0400
Processing by Api::V1::CharitiesController#index as */*
  [1m[36mCharity Load (10.8ms)[0m  [1m[34mSELECT "charities".* FROM "charities"[0m
  ↳ app/controllers/api/v1/charities_controller.rb:6:in `index'
Completed 200 OK in 63ms (Views: 52.0ms | ActiveRecord: 10.8ms | Allocations: 5565)


Started GET "/api/v1/charities" for ::1 at 2020-09-04 21:51:00 -0400
Processing by Api::V1::CharitiesController#index as */*
  [1m[36mCharity Load (0.7ms)[0m  [1m[34mSELECT "charities".* FROM "charities"[0m
  ↳ app/controllers/api/v1/charities_controller.rb:6:in `index'
Completed 200 OK in 52ms (Views: 51.0ms | ActiveRecord: 0.7ms | Allocations: 5565)


Started GET "/api/v1/charities" for ::1 at 2020-09-04 21:51:53 -0400
Processing by Api::V1::CharitiesController#index as */*
  [1m[36mCharity Load (0.8ms)[0m  [1m[34mSELECT "charities".* FROM "charities"[0m
  ↳ app/controllers/api/v1/charities_controller.rb:6:in `index'
Completed 200 OK in 40ms (Views: 38.2ms | ActiveRecord: 0.8ms | Allocations: 5568)


Started GET "/api/v1/charities" for ::1 at 2020-09-04 21:53:33 -0400
Processing by Api::V1::CharitiesController#index as */*
  [1m[36mCharity Load (1.0ms)[0m  [1m[34mSELECT "charities".* FROM "charities"[0m
  ↳ app/controllers/api/v1/charities_controller.rb:6:in `index'
Completed 200 OK in 64ms (Views: 47.9ms | ActiveRecord: 1.0ms | Allocations: 5549)


Started GET "/api/v1/charities" for ::1 at 2020-09-04 21:55:27 -0400
Processing by Api::V1::CharitiesController#index as */*
  [1m[36mCharity Load (1.8ms)[0m  [1m[34mSELECT "charities".* FROM "charities"[0m
  ↳ app/controllers/api/v1/charities_controller.rb:6:in `index'
Completed 200 OK in 20ms (Views: 17.2ms | ActiveRecord: 1.8ms | Allocations: 5549)


DEPRECATION WARNING: warning: white_list_sanitizer isdeprecated, please use safe_list_sanitizer instead. (called from block in <module:ContentHelper> at /Users/tanuka_das/.rvm/gems/ruby-2.6.1/gems/actiontext-6.0.0.rc2/app/helpers/action_text/content_helper.rb:7)
Started GET "/login" for ::1 at 2020-09-04 22:29:37 -0400
  [1m[35m (4.3ms)[0m  [1m[34mSELECT "schema_migrations"."version" FROM "schema_migrations" ORDER BY "schema_migrations"."version" ASC[0m
  
ActionController::RoutingError (No route matches [GET] "/login"):
  
actionpack (6.0.0.rc2) lib/action_dispatch/middleware/debug_exceptions.rb:36:in `call'
actionpack (6.0.0.rc2) lib/action_dispatch/middleware/show_exceptions.rb:33:in `call'
railties (6.0.0.rc2) lib/rails/rack/logger.rb:38:in `call_app'
railties (6.0.0.rc2) lib/rails/rack/logger.rb:26:in `block in call'
activesupport (6.0.0.rc2) lib/active_support/tagged_logging.rb:80:in `block in tagged'
activesupport (6.0.0.rc2) lib/active_support/tagged_logging.rb:28:in `tagged'
activesupport (6.0.0.rc2) lib/active_support/tagged_logging.rb:80:in `tagged'
railties (6.0.0.rc2) lib/rails/rack/logger.rb:26:in `call'
actionpack (6.0.0.rc2) lib/action_dispatch/middleware/remote_ip.rb:81:in `call'
actionpack (6.0.0.rc2) lib/action_dispatch/middleware/request_id.rb:27:in `call'
rack (2.0.7) lib/rack/runtime.rb:22:in `call'
activesupport (6.0.0.rc2) lib/active_support/cache/strategy/local_cache_middleware.rb:29:in `call'
actionpack (6.0.0.rc2) lib/action_dispatch/middleware/executor.rb:14:in `call'
actionpack (6.0.0.rc2) lib/action_dispatch/middleware/static.rb:126:in `call'
rack (2.0.7) lib/rack/sendfile.rb:111:in `call'
actionpack (6.0.0.rc2) lib/action_dispatch/middleware/host_authorization.rb:83:in `call'
rack-cors (1.0.3) lib/rack/cors.rb:95:in `call'
railties (6.0.0.rc2) lib/rails/engine.rb:526:in `call'
puma (3.12.1) lib/puma/configuration.rb:227:in `call'
puma (3.12.1) lib/puma/server.rb:660:in `handle_request'
puma (3.12.1) lib/puma/server.rb:474:in `process_client'
puma (3.12.1) lib/puma/server.rb:334:in `block in run'
puma (3.12.1) lib/puma/thread_pool.rb:135:in `block in spawn_thread'
Started GET "/api/v1/charities" for ::1 at 2020-09-04 22:29:47 -0400
Processing by Api::V1::CharitiesController#index as */*
  [1m[36mCharity Load (5.2ms)[0m  [1m[34mSELECT "charities".* FROM "charities"[0m
  ↳ app/controllers/api/v1/charities_controller.rb:6:in `index'
Completed 200 OK in 166ms (Views: 102.6ms | ActiveRecord: 16.1ms | Allocations: 14070)


Started GET "/login" for ::1 at 2020-09-04 22:36:34 -0400
  
ActionController::RoutingError (No route matches [GET] "/login"):
  
actionpack (6.0.0.rc2) lib/action_dispatch/middleware/debug_exceptions.rb:36:in `call'
actionpack (6.0.0.rc2) lib/action_dispatch/middleware/show_exceptions.rb:33:in `call'
railties (6.0.0.rc2) lib/rails/rack/logger.rb:38:in `call_app'
railties (6.0.0.rc2) lib/rails/rack/logger.rb:26:in `block in call'
activesupport (6.0.0.rc2) lib/active_support/tagged_logging.rb:80:in `block in tagged'
activesupport (6.0.0.rc2) lib/active_support/tagged_logging.rb:28:in `tagged'
activesupport (6.0.0.rc2) lib/active_support/tagged_logging.rb:80:in `tagged'
railties (6.0.0.rc2) lib/rails/rack/logger.rb:26:in `call'
actionpack (6.0.0.rc2) lib/action_dispatch/middleware/remote_ip.rb:81:in `call'
actionpack (6.0.0.rc2) lib/action_dispatch/middleware/request_id.rb:27:in `call'
rack (2.0.7) lib/rack/runtime.rb:22:in `call'
activesupport (6.0.0.rc2) lib/active_support/cache/strategy/local_cache_middleware.rb:29:in `call'
actionpack (6.0.0.rc2) lib/action_dispatch/middleware/executor.rb:14:in `call'
actionpack (6.0.0.rc2) lib/action_dispatch/middleware/static.rb:126:in `call'
rack (2.0.7) lib/rack/sendfile.rb:111:in `call'
actionpack (6.0.0.rc2) lib/action_dispatch/middleware/host_authorization.rb:83:in `call'
rack-cors (1.0.3) lib/rack/cors.rb:95:in `call'
railties (6.0.0.rc2) lib/rails/engine.rb:526:in `call'
puma (3.12.1) lib/puma/configuration.rb:227:in `call'
puma (3.12.1) lib/puma/server.rb:660:in `handle_request'
puma (3.12.1) lib/puma/server.rb:474:in `process_client'
puma (3.12.1) lib/puma/server.rb:334:in `block in run'
puma (3.12.1) lib/puma/thread_pool.rb:135:in `block in spawn_thread'
DEPRECATION WARNING: warning: white_list_sanitizer isdeprecated, please use safe_list_sanitizer instead. (called from block in <module:ContentHelper> at /Users/tanuka_das/.rvm/gems/ruby-2.6.1/gems/actiontext-6.0.0.rc2/app/helpers/action_text/content_helper.rb:7)
Started GET "/api/v1/charities" for ::1 at 2020-09-04 22:39:10 -0400
  [1m[35m (13.3ms)[0m  [1m[34mSELECT "schema_migrations"."version" FROM "schema_migrations" ORDER BY "schema_migrations"."version" ASC[0m
Processing by Api::V1::CharitiesController#index as HTML
  [1m[36mCharity Load (0.8ms)[0m  [1m[34mSELECT "charities".* FROM "charities"[0m
  ↳ app/controllers/api/v1/charities_controller.rb:6:in `index'
Completed 200 OK in 44ms (Views: 32.6ms | ActiveRecord: 8.0ms | Allocations: 13324)


Started GET "/api/v1/charities" for ::1 at 2020-09-04 22:42:20 -0400
Processing by Api::V1::CharitiesController#index as HTML
  [1m[36mCharity Load (1.4ms)[0m  [1m[34mSELECT "charities".* FROM "charities"[0m
  ↳ app/controllers/api/v1/charities_controller.rb:6:in `index'
Completed 200 OK in 21ms (Views: 19.0ms | ActiveRecord: 1.4ms | Allocations: 5564)


DEPRECATION WARNING: warning: white_list_sanitizer isdeprecated, please use safe_list_sanitizer instead. (called from block in <module:ContentHelper> at /Users/tanuka_das/.rvm/gems/ruby-2.6.1/gems/actiontext-6.0.0.rc2/app/helpers/action_text/content_helper.rb:7)
Started GET "/api/v1/charities" for ::1 at 2020-09-04 22:45:37 -0400
  [1m[35m (14.5ms)[0m  [1m[34mSELECT "schema_migrations"."version" FROM "schema_migrations" ORDER BY "schema_migrations"."version" ASC[0m
Processing by Api::V1::CharitiesController#index as */*
  [1m[36mCharity Load (0.8ms)[0m  [1m[34mSELECT "charities".* FROM "charities"[0m
  ↳ app/controllers/api/v1/charities_controller.rb:6:in `index'
Completed 200 OK in 46ms (Views: 33.1ms | ActiveRecord: 9.3ms | Allocations: 13326)


Started GET "/api/v1/charities" for ::1 at 2020-09-04 22:46:00 -0400
Processing by Api::V1::CharitiesController#index as */*
  [1m[36mCharity Load (0.6ms)[0m  [1m[34mSELECT "charities".* FROM "charities"[0m
  ↳ app/controllers/api/v1/charities_controller.rb:6:in `index'
Completed 200 OK in 20ms (Views: 18.8ms | ActiveRecord: 0.6ms | Allocations: 5565)


Started POST "/login" for ::1 at 2020-09-04 22:46:53 -0400
Processing by AuthController#create as JSON
  Parameters: {"username"=>"romi", "password"=>"[FILTERED]", "auth"=>{"username"=>"romi", "password"=>"[FILTERED]"}}
  [1m[36mUser Load (51.6ms)[0m  [1m[34mSELECT "users".* FROM "users" WHERE "users"."username" = $1 LIMIT $2[0m  [["username", "romi"], ["LIMIT", 1]]
  ↳ app/controllers/auth_controller.rb:3:in `create'
Completed 200 OK in 631ms (Views: 0.8ms | ActiveRecord: 64.7ms | Allocations: 6132)


Started GET "/api/v1/charities" for ::1 at 2020-09-04 22:48:11 -0400
Started GET "/profile" for ::1 at 2020-09-04 22:48:11 -0400
Processing by Api::V1::CharitiesController#index as */*
  [1m[36mCharity Load (1.3ms)[0m  [1m[34mSELECT "charities".* FROM "charities"[0m
  ↳ app/controllers/api/v1/charities_controller.rb:6:in `index'
Completed 200 OK in 115ms (Views: 110.3ms | ActiveRecord: 1.3ms | Allocations: 5649)


Processing by UsersController#profile as */*
  [1m[36mUser Load (1.4ms)[0m  [1m[34mSELECT "users".* FROM "users" WHERE "users"."id" = $1 LIMIT $2[0m  [["id", 43], ["LIMIT", 1]]
  ↳ app/controllers/application_controller.rb:22:in `current_user'
Completed 200 OK in 10ms (Views: 0.5ms | ActiveRecord: 2.1ms | Allocations: 1003)


Started GET "/api/v1/charities" for ::1 at 2020-09-04 22:49:02 -0400
Processing by Api::V1::CharitiesController#index as */*
  [1m[36mCharity Load (2.7ms)[0m  [1m[34mSELECT "charities".* FROM "charities"[0m
  ↳ app/controllers/api/v1/charities_controller.rb:6:in `index'
Completed 200 OK in 18ms (Views: 14.5ms | ActiveRecord: 2.7ms | Allocations: 5550)


Started POST "/login" for ::1 at 2020-09-04 22:49:10 -0400
Processing by AuthController#create as JSON
  Parameters: {"username"=>"romi", "password"=>"[FILTERED]", "auth"=>{"username"=>"romi", "password"=>"[FILTERED]"}}
  [1m[36mUser Load (1.3ms)[0m  [1m[34mSELECT "users".* FROM "users" WHERE "users"."username" = $1 LIMIT $2[0m  [["username", "romi"], ["LIMIT", 1]]
  ↳ app/controllers/auth_controller.rb:3:in `create'
Completed 200 OK in 307ms (Views: 2.5ms | ActiveRecord: 1.3ms | Allocations: 839)


Started GET "/api/v1/charities" for ::1 at 2020-09-04 22:49:48 -0400
Started GET "/profile" for ::1 at 2020-09-04 22:49:48 -0400
Processing by Api::V1::CharitiesController#index as */*
Processing by UsersController#profile as */*
  [1m[36mCharity Load (1.8ms)[0m  [1m[34mSELECT "charities".* FROM "charities"[0m
  ↳ app/controllers/api/v1/charities_controller.rb:6:in `index'
Completed 200 OK in 13ms (Views: 11.2ms | ActiveRecord: 1.8ms | Allocations: 5897)


  [1m[36mUser Load (10.4ms)[0m  [1m[34mSELECT "users".* FROM "users" WHERE "users"."id" = $1 LIMIT $2[0m  [["id", 43], ["LIMIT", 1]]
  ↳ app/controllers/application_controller.rb:22:in `current_user'
Completed 200 OK in 15ms (Views: 0.5ms | ActiveRecord: 10.4ms | Allocations: 6456)


Started GET "/api/v1/charities" for ::1 at 2020-09-04 22:50:55 -0400
Processing by Api::V1::CharitiesController#index as */*
  [1m[36mCharity Load (1.1ms)[0m  [1m[34mSELECT "charities".* FROM "charities"[0m
  ↳ app/controllers/api/v1/charities_controller.rb:6:in `index'
Completed 200 OK in 27ms (Views: 22.7ms | ActiveRecord: 1.1ms | Allocations: 5549)


Started GET "/api/v1/charities" for ::1 at 2020-09-04 22:51:32 -0400
Processing by Api::V1::CharitiesController#index as */*
  [1m[36mCharity Load (0.7ms)[0m  [1m[34mSELECT "charities".* FROM "charities"[0m
  ↳ app/controllers/api/v1/charities_controller.rb:6:in `index'
Completed 200 OK in 15ms (Views: 13.6ms | ActiveRecord: 0.7ms | Allocations: 5549)


Started POST "/signup" for ::1 at 2020-09-04 22:51:40 -0400
Processing by UsersController#create as JSON
  Parameters: {"username"=>"gam", "password"=>"[FILTERED]", "user"=>{"username"=>"gam"}}
[31mUnpermitted parameter: :user[0m
  [1m[35m (16.5ms)[0m  [1m[35mBEGIN[0m
  ↳ app/controllers/users_controller.rb:3:in `create'
  [1m[36mUser Create (47.0ms)[0m  [1m[32mINSERT INTO "users" ("username", "password_digest", "created_at", "updated_at") VALUES ($1, $2, $3, $4) RETURNING "id"[0m  [["username", "gam"], ["password_digest", "$2a$12$APgpx4hDrI2Y7k1ChPmalO7Lh/WLE2bGHUuxZFXAiWzjhLCdpJY2K"], ["created_at", "2020-09-05 02:51:40.843248"], ["updated_at", "2020-09-05 02:51:40.843248"]]
  ↳ app/controllers/users_controller.rb:3:in `create'
  [1m[35m (7.1ms)[0m  [1m[35mCOMMIT[0m
  ↳ app/controllers/users_controller.rb:3:in `create'
Completed 200 OK in 348ms (Views: 1.0ms | ActiveRecord: 70.6ms | Allocations: 2886)


Started GET "/api/v1/charities" for ::1 at 2020-09-04 22:53:04 -0400
Started GET "/profile" for ::1 at 2020-09-04 22:53:04 -0400
Processing by Api::V1::CharitiesController#index as */*
Processing by UsersController#profile as */*
  [1m[36mCharity Load (3.1ms)[0m  [1m[34mSELECT "charities".* FROM "charities"[0m
  ↳ app/controllers/api/v1/charities_controller.rb:6:in `index'
  [1m[36mUser Load (3.1ms)[0m  [1m[34mSELECT "users".* FROM "users" WHERE "users"."id" = $1 LIMIT $2[0m  [["id", 44], ["LIMIT", 1]]
  ↳ app/controllers/application_controller.rb:22:in `current_user'
Completed 200 OK in 32ms (Views: 26.3ms | ActiveRecord: 3.1ms | Allocations: 5741)


Completed 200 OK in 28ms (Views: 0.6ms | ActiveRecord: 3.1ms | Allocations: 6274)


Started GET "/api/v1/charities" for ::1 at 2020-09-04 22:53:57 -0400
Started GET "/profile" for ::1 at 2020-09-04 22:53:57 -0400
Processing by Api::V1::CharitiesController#index as */*
Processing by UsersController#profile as */*
  [1m[36mCharity Load (1.1ms)[0m  [1m[34mSELECT "charities".* FROM "charities"[0m
  ↳ app/controllers/api/v1/charities_controller.rb:6:in `index'
  [1m[36mUser Load (1.7ms)[0m  [1m[34mSELECT "users".* FROM "users" WHERE "users"."id" = $1 LIMIT $2[0m  [["id", 44], ["LIMIT", 1]]
Completed 200 OK in 16ms (Views: 14.7ms | ActiveRecord: 1.1ms | Allocations: 5737)


  ↳ app/controllers/application_controller.rb:22:in `current_user'
Completed 200 OK in 18ms (Views: 0.6ms | ActiveRecord: 1.7ms | Allocations: 6452)


Started POST "/api/v1/donations" for ::1 at 2020-09-04 22:54:07 -0400
Processing by Api::V1::DonationsController#create as JSON
  Parameters: {"token"=>{"id"=>"tok_1HNrXUAGocA737x7R6b1PJlr", "object"=>"token", "card"=>{"id"=>"card_1HNrXUAGocA737x77PzHrFok", "object"=>"card", "address_city"=>nil, "address_country"=>nil, "address_line1"=>nil, "address_line1_check"=>nil, "address_line2"=>nil, "address_state"=>nil, "address_zip"=>nil, "address_zip_check"=>nil, "brand"=>"Visa", "country"=>"US", "cvc_check"=>"pass", "dynamic_last4"=>nil, "exp_month"=>12, "exp_year"=>2022, "funding"=>"credit", "last4"=>"4242", "metadata"=>{}, "name"=>"faker@gmail.com", "tokenization_method"=>nil}, "client_ip"=>"96.250.125.111", "created"=>1599274444, "email"=>"faker@gmail.com", "livemode"=>false, "type"=>"card", "used"=>false}, "addresses"=>{}, "amount"=>100, "donation"=>{}}
Completed 200 OK in 1866ms (Views: 0.3ms | ActiveRecord: 8.7ms | Allocations: 14286)


Started GET "/api/v1/charities" for ::1 at 2020-09-04 22:55:09 -0400
Processing by Api::V1::CharitiesController#index as */*
  [1m[36mCharity Load (0.8ms)[0m  [1m[34mSELECT "charities".* FROM "charities"[0m
  ↳ app/controllers/api/v1/charities_controller.rb:6:in `index'
Completed 200 OK in 13ms (Views: 11.3ms | ActiveRecord: 0.8ms | Allocations: 5549)


Started GET "/api/v1/charities" for ::1 at 2020-09-04 23:19:02 -0400
Started GET "/profile" for ::1 at 2020-09-04 23:19:02 -0400
Processing by UsersController#profile as */*
Processing by Api::V1::CharitiesController#index as */*
  [1m[36mCharity Load (3.7ms)[0m  [1m[34mSELECT "charities".* FROM "charities"[0m
  ↳ app/controllers/api/v1/charities_controller.rb:6:in `index'
Completed 200 OK in 30ms (Views: 24.4ms | ActiveRecord: 3.7ms | Allocations: 5786)


  [1m[36mUser Load (16.6ms)[0m  [1m[34mSELECT "users".* FROM "users" WHERE "users"."id" = $1 LIMIT $2[0m  [["id", 44], ["LIMIT", 1]]
  ↳ app/controllers/application_controller.rb:22:in `current_user'
Completed 200 OK in 36ms (Views: 0.8ms | ActiveRecord: 17.0ms | Allocations: 6651)


Started GET "/login" for ::1 at 2020-09-05 12:34:27 -0400
  
ActionController::RoutingError (No route matches [GET] "/login"):
  
actionpack (6.0.0.rc2) lib/action_dispatch/middleware/debug_exceptions.rb:36:in `call'
actionpack (6.0.0.rc2) lib/action_dispatch/middleware/show_exceptions.rb:33:in `call'
railties (6.0.0.rc2) lib/rails/rack/logger.rb:38:in `call_app'
railties (6.0.0.rc2) lib/rails/rack/logger.rb:26:in `block in call'
activesupport (6.0.0.rc2) lib/active_support/tagged_logging.rb:80:in `block in tagged'
activesupport (6.0.0.rc2) lib/active_support/tagged_logging.rb:28:in `tagged'
activesupport (6.0.0.rc2) lib/active_support/tagged_logging.rb:80:in `tagged'
railties (6.0.0.rc2) lib/rails/rack/logger.rb:26:in `call'
actionpack (6.0.0.rc2) lib/action_dispatch/middleware/remote_ip.rb:81:in `call'
actionpack (6.0.0.rc2) lib/action_dispatch/middleware/request_id.rb:27:in `call'
rack (2.0.7) lib/rack/runtime.rb:22:in `call'
activesupport (6.0.0.rc2) lib/active_support/cache/strategy/local_cache_middleware.rb:29:in `call'
actionpack (6.0.0.rc2) lib/action_dispatch/middleware/executor.rb:14:in `call'
actionpack (6.0.0.rc2) lib/action_dispatch/middleware/static.rb:126:in `call'
rack (2.0.7) lib/rack/sendfile.rb:111:in `call'
actionpack (6.0.0.rc2) lib/action_dispatch/middleware/host_authorization.rb:83:in `call'
rack-cors (1.0.3) lib/rack/cors.rb:95:in `call'
railties (6.0.0.rc2) lib/rails/engine.rb:526:in `call'
puma (3.12.1) lib/puma/configuration.rb:227:in `call'
puma (3.12.1) lib/puma/server.rb:660:in `handle_request'
puma (3.12.1) lib/puma/server.rb:474:in `process_client'
puma (3.12.1) lib/puma/server.rb:334:in `block in run'
puma (3.12.1) lib/puma/thread_pool.rb:135:in `block in spawn_thread'
Started GET "/api/v1/charities" for ::1 at 2020-09-05 12:44:00 -0400
Started GET "/profile" for ::1 at 2020-09-05 12:44:00 -0400
Processing by UsersController#profile as */*
Processing by Api::V1::CharitiesController#index as */*
  [1m[36mCharity Load (70.7ms)[0m  [1m[34mSELECT "charities".* FROM "charities"[0m
  ↳ app/controllers/api/v1/charities_controller.rb:6:in `index'
  [1m[36mUser Load (55.1ms)[0m  [1m[34mSELECT "users".* FROM "users" WHERE "users"."id" = $1 LIMIT $2[0m  [["id", 44], ["LIMIT", 1]]
  ↳ app/controllers/application_controller.rb:22:in `current_user'
Completed 200 OK in 147ms (Views: 74.6ms | ActiveRecord: 70.7ms | Allocations: 6174)


Completed 200 OK in 158ms (Views: 0.7ms | ActiveRecord: 55.8ms | Allocations: 6549)


Started GET "/api/v1/charities" for ::1 at 2020-09-05 12:45:09 -0400
Started GET "/profile" for ::1 at 2020-09-05 12:45:09 -0400
Processing by Api::V1::CharitiesController#index as */*
Processing by UsersController#profile as */*
  [1m[36mCharity Load (5.2ms)[0m  [1m[34mSELECT "charities".* FROM "charities"[0m
  ↳ app/controllers/api/v1/charities_controller.rb:6:in `index'
Completed 200 OK in 23ms (Views: 17.5ms | ActiveRecord: 5.2ms | Allocations: 6029)


  [1m[36mUser Load (1.5ms)[0m  [1m[34mSELECT "users".* FROM "users" WHERE "users"."id" = $1 LIMIT $2[0m  [["id", 44], ["LIMIT", 1]]
  ↳ app/controllers/application_controller.rb:22:in `current_user'
Completed 200 OK in 24ms (Views: 1.7ms | ActiveRecord: 1.9ms | Allocations: 6479)


Started GET "/profile" for ::1 at 2020-09-05 12:46:48 -0400
Started GET "/api/v1/charities" for ::1 at 2020-09-05 12:46:48 -0400
Processing by UsersController#profile as */*
Processing by Api::V1::CharitiesController#index as */*
  [1m[36mUser Load (1.1ms)[0m  [1m[34mSELECT "users".* FROM "users" WHERE "users"."id" = $1 LIMIT $2[0m  [["id", 44], ["LIMIT", 1]]
  ↳ app/controllers/application_controller.rb:22:in `current_user'
Completed 200 OK in 7ms (Views: 1.2ms | ActiveRecord: 1.1ms | Allocations: 881)


  [1m[36mCharity Load (7.0ms)[0m  [1m[34mSELECT "charities".* FROM "charities"[0m
  ↳ app/controllers/api/v1/charities_controller.rb:6:in `index'
Completed 200 OK in 25ms (Views: 17.3ms | ActiveRecord: 7.0ms | Allocations: 6393)


Started GET "/profile" for ::1 at 2020-09-05 12:48:14 -0400
Started GET "/api/v1/charities" for ::1 at 2020-09-05 12:48:14 -0400
Processing by UsersController#profile as */*
Processing by Api::V1::CharitiesController#index as */*
  [1m[36mUser Load (2.7ms)[0m  [1m[34mSELECT "users".* FROM "users" WHERE "users"."id" = $1 LIMIT $2[0m  [["id", 44], ["LIMIT", 1]]
  ↳ app/controllers/application_controller.rb:22:in `current_user'
Completed 200 OK in 9ms (Views: 0.5ms | ActiveRecord: 2.7ms | Allocations: 1151)


  [1m[36mCharity Load (12.3ms)[0m  [1m[34mSELECT "charities".* FROM "charities"[0m
  ↳ app/controllers/api/v1/charities_controller.rb:6:in `index'
Completed 200 OK in 27ms (Views: 13.8ms | ActiveRecord: 12.3ms | Allocations: 6393)


Started GET "/api/v1/charities" for ::1 at 2020-09-05 12:48:49 -0400
Started GET "/profile" for ::1 at 2020-09-05 12:48:49 -0400
Processing by Api::V1::CharitiesController#index as */*
Processing by UsersController#profile as */*
  [1m[36mUser Load (0.7ms)[0m  [1m[34mSELECT "users".* FROM "users" WHERE "users"."id" = $1 LIMIT $2[0m  [["id", 44], ["LIMIT", 1]]
  ↳ app/controllers/application_controller.rb:22:in `current_user'
Completed 200 OK in 4ms (Views: 1.2ms | ActiveRecord: 0.7ms | Allocations: 789)


  [1m[36mCharity Load (4.9ms)[0m  [1m[34mSELECT "charities".* FROM "charities"[0m
  ↳ app/controllers/api/v1/charities_controller.rb:6:in `index'
Completed 200 OK in 212ms (Views: 206.6ms | ActiveRecord: 4.9ms | Allocations: 6851)


Started GET "/api/v1/charities" for ::1 at 2020-09-05 12:49:12 -0400
Started GET "/profile" for ::1 at 2020-09-05 12:49:12 -0400
Processing by Api::V1::CharitiesController#index as */*
Processing by UsersController#profile as */*
  [1m[36mUser Load (2.5ms)[0m  [1m[34mSELECT "users".* FROM "users" WHERE "users"."id" = $1 LIMIT $2[0m  [["id", 44], ["LIMIT", 1]]
  ↳ app/controllers/application_controller.rb:22:in `current_user'
Completed 200 OK in 5ms (Views: 0.5ms | ActiveRecord: 2.5ms | Allocations: 779)


  [1m[36mCharity Load (8.2ms)[0m  [1m[34mSELECT "charities".* FROM "charities"[0m
  ↳ app/controllers/api/v1/charities_controller.rb:6:in `index'
Completed 200 OK in 20ms (Views: 11.8ms | ActiveRecord: 8.2ms | Allocations: 6849)


Started GET "/api/v1/charities" for ::1 at 2020-09-05 12:50:07 -0400
Started GET "/profile" for ::1 at 2020-09-05 12:50:07 -0400
Processing by Api::V1::CharitiesController#index as */*
Processing by UsersController#profile as */*
  [1m[36mCharity Load (1.1ms)[0m  [1m[34mSELECT "charities".* FROM "charities"[0m
  [1m[36mUser Load (1.1ms)[0m  [1m[34mSELECT "users".* FROM "users" WHERE "users"."id" = $1 LIMIT $2[0m  [["id", 44], ["LIMIT", 1]]
  ↳ app/controllers/application_controller.rb:22:in `current_user'
Completed 200 OK in 5ms (Views: 0.7ms | ActiveRecord: 1.1ms | Allocations: 1396)


  ↳ app/controllers/api/v1/charities_controller.rb:6:in `index'
Completed 200 OK in 18ms (Views: 16.1ms | ActiveRecord: 1.1ms | Allocations: 6554)


Started GET "/api/v1/charities" for ::1 at 2020-09-05 12:50:21 -0400
Started GET "/profile" for ::1 at 2020-09-05 12:50:21 -0400
Processing by Api::V1::CharitiesController#index as */*
Processing by UsersController#profile as */*
  [1m[36mCharity Load (6.7ms)[0m  [1m[34mSELECT "charities".* FROM "charities"[0m
  ↳ app/controllers/api/v1/charities_controller.rb:6:in `index'
Completed 200 OK in 20ms (Views: 12.7ms | ActiveRecord: 6.7ms | Allocations: 6005)


  [1m[36mUser Load (17.8ms)[0m  [1m[34mSELECT "users".* FROM "users" WHERE "users"."id" = $1 LIMIT $2[0m  [["id", 44], ["LIMIT", 1]]
  ↳ app/controllers/application_controller.rb:22:in `current_user'
Completed 200 OK in 21ms (Views: 0.9ms | ActiveRecord: 17.8ms | Allocations: 6452)


Started GET "/api/v1/charities" for ::1 at 2020-09-05 12:51:02 -0400
Started GET "/profile" for ::1 at 2020-09-05 12:51:02 -0400
Processing by Api::V1::CharitiesController#index as */*
Processing by UsersController#profile as */*
  [1m[36mCharity Load (3.0ms)[0m  [1m[34mSELECT "charities".* FROM "charities"[0m
  ↳ app/controllers/api/v1/charities_controller.rb:6:in `index'
  [1m[36mUser Load (2.1ms)[0m  [1m[34mSELECT "users".* FROM "users" WHERE "users"."id" = $1 LIMIT $2[0m  [["id", 44], ["LIMIT", 1]]
Completed 200 OK in 14ms (Views: 10.3ms | ActiveRecord: 3.0ms | Allocations: 6027)


  ↳ app/controllers/application_controller.rb:22:in `current_user'
Completed 200 OK in 14ms (Views: 0.5ms | ActiveRecord: 2.1ms | Allocations: 6408)


Started GET "/api/v1/charities" for ::1 at 2020-09-05 13:02:58 -0400
Processing by Api::V1::CharitiesController#index as */*
  [1m[36mCharity Load (1.4ms)[0m  [1m[34mSELECT "charities".* FROM "charities"[0m
  ↳ app/controllers/api/v1/charities_controller.rb:6:in `index'
Completed 200 OK in 31ms (Views: 26.6ms | ActiveRecord: 1.4ms | Allocations: 5610)


Started GET "/api/v1/charities" for ::1 at 2020-09-05 13:03:05 -0400
Processing by Api::V1::CharitiesController#index as */*
  [1m[36mCharity Load (1.7ms)[0m  [1m[34mSELECT "charities".* FROM "charities"[0m
  ↳ app/controllers/api/v1/charities_controller.rb:6:in `index'
Completed 200 OK in 19ms (Views: 17.0ms | ActiveRecord: 1.7ms | Allocations: 5549)


Started GET "/api/v1/charities" for ::1 at 2020-09-05 13:04:29 -0400
Processing by Api::V1::CharitiesController#index as */*
  [1m[36mCharity Load (1.4ms)[0m  [1m[34mSELECT "charities".* FROM "charities"[0m
  ↳ app/controllers/api/v1/charities_controller.rb:6:in `index'
Completed 200 OK in 16ms (Views: 13.3ms | ActiveRecord: 1.4ms | Allocations: 5549)


Started GET "/api/v1/charities" for ::1 at 2020-09-05 13:04:50 -0400
Processing by Api::V1::CharitiesController#index as */*
  [1m[36mCharity Load (0.8ms)[0m  [1m[34mSELECT "charities".* FROM "charities"[0m
  ↳ app/controllers/api/v1/charities_controller.rb:6:in `index'
Completed 200 OK in 19ms (Views: 17.3ms | ActiveRecord: 0.8ms | Allocations: 5549)


Started GET "/api/v1/charities" for ::1 at 2020-09-05 13:05:02 -0400
Processing by Api::V1::CharitiesController#index as */*
  [1m[36mCharity Load (0.9ms)[0m  [1m[34mSELECT "charities".* FROM "charities"[0m
  ↳ app/controllers/api/v1/charities_controller.rb:6:in `index'
Completed 200 OK in 18ms (Views: 16.3ms | ActiveRecord: 0.9ms | Allocations: 5549)


Started GET "/api/v1/charities" for ::1 at 2020-09-05 13:05:18 -0400
Processing by Api::V1::CharitiesController#index as */*
  [1m[36mCharity Load (2.4ms)[0m  [1m[34mSELECT "charities".* FROM "charities"[0m
  ↳ app/controllers/api/v1/charities_controller.rb:6:in `index'
Completed 200 OK in 13ms (Views: 10.7ms | ActiveRecord: 2.4ms | Allocations: 5549)


Started GET "/api/v1/charities" for ::1 at 2020-09-05 13:06:37 -0400
Processing by Api::V1::CharitiesController#index as */*
  [1m[36mCharity Load (0.6ms)[0m  [1m[34mSELECT "charities".* FROM "charities"[0m
  ↳ app/controllers/api/v1/charities_controller.rb:6:in `index'
Completed 200 OK in 19ms (Views: 17.8ms | ActiveRecord: 0.6ms | Allocations: 5549)


Started GET "/api/v1/charities" for ::1 at 2020-09-05 13:06:53 -0400
Processing by Api::V1::CharitiesController#index as */*
  [1m[36mCharity Load (0.7ms)[0m  [1m[34mSELECT "charities".* FROM "charities"[0m
  ↳ app/controllers/api/v1/charities_controller.rb:6:in `index'
Completed 200 OK in 14ms (Views: 13.2ms | ActiveRecord: 0.7ms | Allocations: 5549)


Started GET "/api/v1/charities" for ::1 at 2020-09-05 13:07:28 -0400
Processing by Api::V1::CharitiesController#index as */*
  [1m[36mCharity Load (0.7ms)[0m  [1m[34mSELECT "charities".* FROM "charities"[0m
  ↳ app/controllers/api/v1/charities_controller.rb:6:in `index'
Completed 200 OK in 21ms (Views: 19.5ms | ActiveRecord: 0.7ms | Allocations: 5549)


Started GET "/api/v1/charities" for ::1 at 2020-09-05 13:09:53 -0400
Processing by Api::V1::CharitiesController#index as */*
  [1m[36mCharity Load (0.6ms)[0m  [1m[34mSELECT "charities".* FROM "charities"[0m
  ↳ app/controllers/api/v1/charities_controller.rb:6:in `index'
Completed 200 OK in 14ms (Views: 13.1ms | ActiveRecord: 0.6ms | Allocations: 5549)


Started GET "/api/v1/charities" for ::1 at 2020-09-05 13:10:00 -0400
Processing by Api::V1::CharitiesController#index as */*
  [1m[36mCharity Load (0.6ms)[0m  [1m[34mSELECT "charities".* FROM "charities"[0m
  ↳ app/controllers/api/v1/charities_controller.rb:6:in `index'
Completed 200 OK in 16ms (Views: 15.2ms | ActiveRecord: 0.6ms | Allocations: 5549)


Started GET "/api/v1/charities" for ::1 at 2020-09-05 13:10:21 -0400
Processing by Api::V1::CharitiesController#index as */*
  [1m[36mCharity Load (0.9ms)[0m  [1m[34mSELECT "charities".* FROM "charities"[0m
  ↳ app/controllers/api/v1/charities_controller.rb:6:in `index'
Completed 200 OK in 17ms (Views: 16.0ms | ActiveRecord: 0.9ms | Allocations: 5549)


Started GET "/api/v1/charities" for ::1 at 2020-09-05 13:10:51 -0400
Processing by Api::V1::CharitiesController#index as */*
  [1m[36mCharity Load (0.7ms)[0m  [1m[34mSELECT "charities".* FROM "charities"[0m
  ↳ app/controllers/api/v1/charities_controller.rb:6:in `index'
Completed 200 OK in 122ms (Views: 121.0ms | ActiveRecord: 0.7ms | Allocations: 5552)


Started GET "/api/v1/charities" for ::1 at 2020-09-05 13:13:30 -0400
Processing by Api::V1::CharitiesController#index as */*
  [1m[36mCharity Load (1.1ms)[0m  [1m[34mSELECT "charities".* FROM "charities"[0m
  ↳ app/controllers/api/v1/charities_controller.rb:6:in `index'
Completed 200 OK in 34ms (Views: 29.1ms | ActiveRecord: 1.1ms | Allocations: 5549)


Started GET "/api/v1/charities" for ::1 at 2020-09-05 13:14:23 -0400
Processing by Api::V1::CharitiesController#index as */*
  [1m[36mCharity Load (0.7ms)[0m  [1m[34mSELECT "charities".* FROM "charities"[0m
  ↳ app/controllers/api/v1/charities_controller.rb:6:in `index'
Completed 200 OK in 11ms (Views: 10.4ms | ActiveRecord: 0.7ms | Allocations: 5549)


Started GET "/api/v1/charities" for ::1 at 2020-09-05 13:14:45 -0400
Processing by Api::V1::CharitiesController#index as */*
  [1m[36mCharity Load (1.1ms)[0m  [1m[34mSELECT "charities".* FROM "charities"[0m
  ↳ app/controllers/api/v1/charities_controller.rb:6:in `index'
Completed 200 OK in 30ms (Views: 27.9ms | ActiveRecord: 1.1ms | Allocations: 5549)


Started GET "/api/v1/charities" for ::1 at 2020-09-05 13:14:56 -0400
Processing by Api::V1::CharitiesController#index as */*
  [1m[36mCharity Load (0.7ms)[0m  [1m[34mSELECT "charities".* FROM "charities"[0m
  ↳ app/controllers/api/v1/charities_controller.rb:6:in `index'
Completed 200 OK in 12ms (Views: 10.5ms | ActiveRecord: 0.7ms | Allocations: 5549)


Started GET "/api/v1/charities" for ::1 at 2020-09-05 13:15:10 -0400
Processing by Api::V1::CharitiesController#index as */*
  [1m[36mCharity Load (0.8ms)[0m  [1m[34mSELECT "charities".* FROM "charities"[0m
  ↳ app/controllers/api/v1/charities_controller.rb:6:in `index'
Completed 200 OK in 12ms (Views: 10.7ms | ActiveRecord: 0.8ms | Allocations: 5549)


Started GET "/api/v1/charities" for ::1 at 2020-09-05 13:15:25 -0400
Processing by Api::V1::CharitiesController#index as */*
  [1m[36mCharity Load (0.6ms)[0m  [1m[34mSELECT "charities".* FROM "charities"[0m
  ↳ app/controllers/api/v1/charities_controller.rb:6:in `index'
Completed 200 OK in 12ms (Views: 10.9ms | ActiveRecord: 0.6ms | Allocations: 5549)


Started GET "/api/v1/charities" for ::1 at 2020-09-05 13:15:34 -0400
Processing by Api::V1::CharitiesController#index as */*
  [1m[36mCharity Load (0.7ms)[0m  [1m[34mSELECT "charities".* FROM "charities"[0m
  ↳ app/controllers/api/v1/charities_controller.rb:6:in `index'
Completed 200 OK in 11ms (Views: 10.0ms | ActiveRecord: 0.7ms | Allocations: 5549)


Started GET "/api/v1/charities" for ::1 at 2020-09-05 13:15:49 -0400
Processing by Api::V1::CharitiesController#index as */*
  [1m[36mCharity Load (0.7ms)[0m  [1m[34mSELECT "charities".* FROM "charities"[0m
  ↳ app/controllers/api/v1/charities_controller.rb:6:in `index'
Completed 200 OK in 10ms (Views: 9.3ms | ActiveRecord: 0.7ms | Allocations: 5549)


Started GET "/api/v1/charities" for ::1 at 2020-09-05 13:16:07 -0400
Processing by Api::V1::CharitiesController#index as */*
  [1m[36mCharity Load (0.6ms)[0m  [1m[34mSELECT "charities".* FROM "charities"[0m
  ↳ app/controllers/api/v1/charities_controller.rb:6:in `index'
Completed 200 OK in 11ms (Views: 10.6ms | ActiveRecord: 0.6ms | Allocations: 5549)


Started GET "/api/v1/charities" for ::1 at 2020-09-05 13:16:16 -0400
Processing by Api::V1::CharitiesController#index as */*
  [1m[36mCharity Load (0.6ms)[0m  [1m[34mSELECT "charities".* FROM "charities"[0m
  ↳ app/controllers/api/v1/charities_controller.rb:6:in `index'
Completed 200 OK in 15ms (Views: 14.0ms | ActiveRecord: 0.6ms | Allocations: 5549)


Started GET "/api/v1/charities" for ::1 at 2020-09-05 13:16:53 -0400
Processing by Api::V1::CharitiesController#index as */*
  [1m[36mCharity Load (0.6ms)[0m  [1m[34mSELECT "charities".* FROM "charities"[0m
  ↳ app/controllers/api/v1/charities_controller.rb:6:in `index'
Completed 200 OK in 11ms (Views: 9.8ms | ActiveRecord: 0.6ms | Allocations: 5549)


Started GET "/api/v1/charities" for ::1 at 2020-09-05 13:17:11 -0400
Processing by Api::V1::CharitiesController#index as */*
  [1m[36mCharity Load (0.6ms)[0m  [1m[34mSELECT "charities".* FROM "charities"[0m
  ↳ app/controllers/api/v1/charities_controller.rb:6:in `index'
Completed 200 OK in 10ms (Views: 9.2ms | ActiveRecord: 0.6ms | Allocations: 5549)


Started GET "/api/v1/charities" for ::1 at 2020-09-05 13:17:14 -0400
Processing by Api::V1::CharitiesController#index as */*
  [1m[36mCharity Load (0.7ms)[0m  [1m[34mSELECT "charities".* FROM "charities"[0m
  ↳ app/controllers/api/v1/charities_controller.rb:6:in `index'
Completed 200 OK in 26ms (Views: 24.8ms | ActiveRecord: 0.7ms | Allocations: 5549)


Started GET "/api/v1/charities" for ::1 at 2020-09-05 13:17:26 -0400
Processing by Api::V1::CharitiesController#index as */*
  [1m[36mCharity Load (1.7ms)[0m  [1m[34mSELECT "charities".* FROM "charities"[0m
  ↳ app/controllers/api/v1/charities_controller.rb:6:in `index'
Completed 200 OK in 14ms (Views: 12.3ms | ActiveRecord: 1.7ms | Allocations: 5549)


Started GET "/api/v1/charities" for ::1 at 2020-09-05 13:19:12 -0400
Processing by Api::V1::CharitiesController#index as */*
  [1m[36mCharity Load (0.7ms)[0m  [1m[34mSELECT "charities".* FROM "charities"[0m
  ↳ app/controllers/api/v1/charities_controller.rb:6:in `index'
Completed 200 OK in 13ms (Views: 11.9ms | ActiveRecord: 0.7ms | Allocations: 5549)


Started GET "/api/v1/charities" for ::1 at 2020-09-05 13:19:17 -0400
Processing by Api::V1::CharitiesController#index as */*
  [1m[36mCharity Load (0.7ms)[0m  [1m[34mSELECT "charities".* FROM "charities"[0m
  ↳ app/controllers/api/v1/charities_controller.rb:6:in `index'
Completed 200 OK in 13ms (Views: 11.5ms | ActiveRecord: 0.7ms | Allocations: 5549)


Started GET "/api/v1/charities" for ::1 at 2020-09-05 13:23:13 -0400
Processing by Api::V1::CharitiesController#index as */*
  [1m[36mCharity Load (0.7ms)[0m  [1m[34mSELECT "charities".* FROM "charities"[0m
  ↳ app/controllers/api/v1/charities_controller.rb:6:in `index'
Completed 200 OK in 12ms (Views: 11.4ms | ActiveRecord: 0.7ms | Allocations: 5549)


Started GET "/api/v1/charities" for ::1 at 2020-09-05 13:23:35 -0400
Processing by Api::V1::CharitiesController#index as */*
  [1m[36mCharity Load (0.7ms)[0m  [1m[34mSELECT "charities".* FROM "charities"[0m
  ↳ app/controllers/api/v1/charities_controller.rb:6:in `index'
Completed 200 OK in 168ms (Views: 166.4ms | ActiveRecord: 0.7ms | Allocations: 5552)


Started GET "/api/v1/charities" for ::1 at 2020-09-05 13:23:44 -0400
Processing by Api::V1::CharitiesController#index as */*
  [1m[36mCharity Load (5.7ms)[0m  [1m[34mSELECT "charities".* FROM "charities"[0m
  ↳ app/controllers/api/v1/charities_controller.rb:6:in `index'
Completed 200 OK in 18ms (Views: 11.5ms | ActiveRecord: 5.7ms | Allocations: 5549)


Started GET "/api/v1/charities" for ::1 at 2020-09-05 13:24:04 -0400
Processing by Api::V1::CharitiesController#index as */*
  [1m[36mCharity Load (0.6ms)[0m  [1m[34mSELECT "charities".* FROM "charities"[0m
  ↳ app/controllers/api/v1/charities_controller.rb:6:in `index'
Completed 200 OK in 11ms (Views: 10.4ms | ActiveRecord: 0.6ms | Allocations: 5549)


Started GET "/api/v1/charities" for ::1 at 2020-09-05 13:24:47 -0400
Processing by Api::V1::CharitiesController#index as */*
  [1m[36mCharity Load (1.8ms)[0m  [1m[34mSELECT "charities".* FROM "charities"[0m
  ↳ app/controllers/api/v1/charities_controller.rb:6:in `index'
Completed 200 OK in 12ms (Views: 9.6ms | ActiveRecord: 1.8ms | Allocations: 5549)


Started GET "/api/v1/charities" for ::1 at 2020-09-05 13:25:48 -0400
Processing by Api::V1::CharitiesController#index as */*
  [1m[36mCharity Load (3.3ms)[0m  [1m[34mSELECT "charities".* FROM "charities"[0m
  ↳ app/controllers/api/v1/charities_controller.rb:6:in `index'
Completed 200 OK in 13ms (Views: 9.0ms | ActiveRecord: 3.3ms | Allocations: 5549)


Started GET "/api/v1/charities" for ::1 at 2020-09-05 13:26:00 -0400
Processing by Api::V1::CharitiesController#index as */*
  [1m[36mCharity Load (0.7ms)[0m  [1m[34mSELECT "charities".* FROM "charities"[0m
  ↳ app/controllers/api/v1/charities_controller.rb:6:in `index'
Completed 200 OK in 11ms (Views: 9.7ms | ActiveRecord: 0.7ms | Allocations: 5549)


Started GET "/api/v1/charities" for ::1 at 2020-09-05 13:26:18 -0400
Processing by Api::V1::CharitiesController#index as */*
  [1m[36mCharity Load (1.3ms)[0m  [1m[34mSELECT "charities".* FROM "charities"[0m
  ↳ app/controllers/api/v1/charities_controller.rb:6:in `index'
Completed 200 OK in 12ms (Views: 10.3ms | ActiveRecord: 1.3ms | Allocations: 5549)


Started GET "/api/v1/charities" for ::1 at 2020-09-05 13:26:57 -0400
Processing by Api::V1::CharitiesController#index as */*
  [1m[36mCharity Load (1.2ms)[0m  [1m[34mSELECT "charities".* FROM "charities"[0m
  ↳ app/controllers/api/v1/charities_controller.rb:6:in `index'
Completed 200 OK in 11ms (Views: 9.5ms | ActiveRecord: 1.2ms | Allocations: 5549)


Started GET "/api/v1/charities" for ::1 at 2020-09-05 13:27:23 -0400
Processing by Api::V1::CharitiesController#index as */*
  [1m[36mCharity Load (1.0ms)[0m  [1m[34mSELECT "charities".* FROM "charities"[0m
  ↳ app/controllers/api/v1/charities_controller.rb:6:in `index'
Completed 200 OK in 11ms (Views: 9.9ms | ActiveRecord: 1.0ms | Allocations: 5549)


Started GET "/api/v1/charities" for ::1 at 2020-09-05 13:27:48 -0400
Processing by Api::V1::CharitiesController#index as */*
  [1m[36mCharity Load (0.7ms)[0m  [1m[34mSELECT "charities".* FROM "charities"[0m
  ↳ app/controllers/api/v1/charities_controller.rb:6:in `index'
Completed 200 OK in 11ms (Views: 9.8ms | ActiveRecord: 0.7ms | Allocations: 5549)


Started GET "/api/v1/charities" for ::1 at 2020-09-05 13:27:51 -0400
Processing by Api::V1::CharitiesController#index as */*
  [1m[36mCharity Load (0.6ms)[0m  [1m[34mSELECT "charities".* FROM "charities"[0m
  ↳ app/controllers/api/v1/charities_controller.rb:6:in `index'
Completed 200 OK in 28ms (Views: 26.4ms | ActiveRecord: 0.6ms | Allocations: 5549)


Started GET "/api/v1/charities" for ::1 at 2020-09-05 13:28:32 -0400
Processing by Api::V1::CharitiesController#index as */*
  [1m[36mCharity Load (0.7ms)[0m  [1m[34mSELECT "charities".* FROM "charities"[0m
  ↳ app/controllers/api/v1/charities_controller.rb:6:in `index'
Completed 200 OK in 11ms (Views: 9.6ms | ActiveRecord: 0.7ms | Allocations: 5549)


Started GET "/api/v1/charities" for ::1 at 2020-09-05 13:29:14 -0400
Processing by Api::V1::CharitiesController#index as */*
  [1m[36mCharity Load (0.7ms)[0m  [1m[34mSELECT "charities".* FROM "charities"[0m
  ↳ app/controllers/api/v1/charities_controller.rb:6:in `index'
Completed 200 OK in 13ms (Views: 11.6ms | ActiveRecord: 0.7ms | Allocations: 5549)


Started GET "/api/v1/charities" for ::1 at 2020-09-05 13:29:43 -0400
Processing by Api::V1::CharitiesController#index as */*
  [1m[36mCharity Load (0.6ms)[0m  [1m[34mSELECT "charities".* FROM "charities"[0m
  ↳ app/controllers/api/v1/charities_controller.rb:6:in `index'
Completed 200 OK in 13ms (Views: 12.1ms | ActiveRecord: 0.6ms | Allocations: 5549)


Started GET "/api/v1/charities" for ::1 at 2020-09-05 13:29:49 -0400
Processing by Api::V1::CharitiesController#index as */*
  [1m[36mCharity Load (0.6ms)[0m  [1m[34mSELECT "charities".* FROM "charities"[0m
  ↳ app/controllers/api/v1/charities_controller.rb:6:in `index'
Completed 200 OK in 12ms (Views: 10.5ms | ActiveRecord: 0.6ms | Allocations: 5549)


Started GET "/api/v1/charities" for ::1 at 2020-09-05 13:29:54 -0400
Processing by Api::V1::CharitiesController#index as */*
  [1m[36mCharity Load (0.7ms)[0m  [1m[34mSELECT "charities".* FROM "charities"[0m
  ↳ app/controllers/api/v1/charities_controller.rb:6:in `index'
Completed 200 OK in 14ms (Views: 12.5ms | ActiveRecord: 0.7ms | Allocations: 5549)


Started GET "/api/v1/charities" for ::1 at 2020-09-05 13:30:32 -0400
Processing by Api::V1::CharitiesController#index as */*
  [1m[36mCharity Load (0.6ms)[0m  [1m[34mSELECT "charities".* FROM "charities"[0m
  ↳ app/controllers/api/v1/charities_controller.rb:6:in `index'
Completed 200 OK in 13ms (Views: 12.6ms | ActiveRecord: 0.6ms | Allocations: 5549)


Started GET "/api/v1/charities" for ::1 at 2020-09-05 13:30:45 -0400
Processing by Api::V1::CharitiesController#index as */*
  [1m[36mCharity Load (17.8ms)[0m  [1m[34mSELECT "charities".* FROM "charities"[0m
  ↳ app/controllers/api/v1/charities_controller.rb:6:in `index'
Completed 200 OK in 34ms (Views: 16.3ms | ActiveRecord: 17.8ms | Allocations: 5549)


Started GET "/api/v1/charities" for ::1 at 2020-09-05 13:30:49 -0400
Processing by Api::V1::CharitiesController#index as */*
  [1m[36mCharity Load (0.7ms)[0m  [1m[34mSELECT "charities".* FROM "charities"[0m
  ↳ app/controllers/api/v1/charities_controller.rb:6:in `index'
Completed 200 OK in 13ms (Views: 11.8ms | ActiveRecord: 0.7ms | Allocations: 5549)


Started GET "/api/v1/charities" for ::1 at 2020-09-05 13:31:06 -0400
Processing by Api::V1::CharitiesController#index as */*
  [1m[36mCharity Load (0.7ms)[0m  [1m[34mSELECT "charities".* FROM "charities"[0m
  ↳ app/controllers/api/v1/charities_controller.rb:6:in `index'
Completed 200 OK in 72ms (Views: 71.3ms | ActiveRecord: 0.7ms | Allocations: 5552)


Started GET "/api/v1/charities" for ::1 at 2020-09-05 13:31:21 -0400
Processing by Api::V1::CharitiesController#index as */*
  [1m[36mCharity Load (1.5ms)[0m  [1m[34mSELECT "charities".* FROM "charities"[0m
  ↳ app/controllers/api/v1/charities_controller.rb:6:in `index'
Completed 200 OK in 13ms (Views: 11.2ms | ActiveRecord: 1.5ms | Allocations: 5549)


Started GET "/api/v1/charities" for ::1 at 2020-09-05 13:32:38 -0400
Processing by Api::V1::CharitiesController#index as */*
  [1m[36mCharity Load (0.7ms)[0m  [1m[34mSELECT "charities".* FROM "charities"[0m
  ↳ app/controllers/api/v1/charities_controller.rb:6:in `index'
Completed 200 OK in 10ms (Views: 9.0ms | ActiveRecord: 0.7ms | Allocations: 5549)


Started GET "/api/v1/charities" for ::1 at 2020-09-05 13:33:22 -0400
Processing by Api::V1::CharitiesController#index as */*
  [1m[36mCharity Load (0.6ms)[0m  [1m[34mSELECT "charities".* FROM "charities"[0m
  ↳ app/controllers/api/v1/charities_controller.rb:6:in `index'
Completed 200 OK in 10ms (Views: 9.2ms | ActiveRecord: 0.6ms | Allocations: 5549)


Started GET "/api/v1/charities" for ::1 at 2020-09-05 13:33:37 -0400
Processing by Api::V1::CharitiesController#index as */*
  [1m[36mCharity Load (0.6ms)[0m  [1m[34mSELECT "charities".* FROM "charities"[0m
  ↳ app/controllers/api/v1/charities_controller.rb:6:in `index'
Completed 200 OK in 10ms (Views: 9.2ms | ActiveRecord: 0.6ms | Allocations: 5549)


Started GET "/api/v1/charities" for ::1 at 2020-09-05 13:33:52 -0400
Processing by Api::V1::CharitiesController#index as */*
  [1m[36mCharity Load (0.7ms)[0m  [1m[34mSELECT "charities".* FROM "charities"[0m
  ↳ app/controllers/api/v1/charities_controller.rb:6:in `index'
Completed 200 OK in 11ms (Views: 9.5ms | ActiveRecord: 0.7ms | Allocations: 5549)


Started GET "/api/v1/charities" for ::1 at 2020-09-05 13:34:20 -0400
Processing by Api::V1::CharitiesController#index as */*
  [1m[36mCharity Load (0.6ms)[0m  [1m[34mSELECT "charities".* FROM "charities"[0m
  ↳ app/controllers/api/v1/charities_controller.rb:6:in `index'
Completed 200 OK in 11ms (Views: 9.9ms | ActiveRecord: 0.6ms | Allocations: 5549)


Started GET "/api/v1/charities" for ::1 at 2020-09-05 13:34:25 -0400
Processing by Api::V1::CharitiesController#index as */*
  [1m[36mCharity Load (0.6ms)[0m  [1m[34mSELECT "charities".* FROM "charities"[0m
  ↳ app/controllers/api/v1/charities_controller.rb:6:in `index'
Completed 200 OK in 10ms (Views: 8.7ms | ActiveRecord: 0.6ms | Allocations: 5549)


Started GET "/api/v1/charities" for ::1 at 2020-09-05 13:35:06 -0400
Processing by Api::V1::CharitiesController#index as */*
  [1m[36mCharity Load (0.6ms)[0m  [1m[34mSELECT "charities".* FROM "charities"[0m
  ↳ app/controllers/api/v1/charities_controller.rb:6:in `index'
Completed 200 OK in 10ms (Views: 9.4ms | ActiveRecord: 0.6ms | Allocations: 5549)


Started GET "/api/v1/charities" for ::1 at 2020-09-05 13:36:21 -0400
Processing by Api::V1::CharitiesController#index as */*
  [1m[36mCharity Load (0.7ms)[0m  [1m[34mSELECT "charities".* FROM "charities"[0m
  ↳ app/controllers/api/v1/charities_controller.rb:6:in `index'
Completed 200 OK in 12ms (Views: 10.7ms | ActiveRecord: 0.7ms | Allocations: 5549)


Started GET "/api/v1/charities" for ::1 at 2020-09-05 13:36:35 -0400
Processing by Api::V1::CharitiesController#index as */*
  [1m[36mCharity Load (1.3ms)[0m  [1m[34mSELECT "charities".* FROM "charities"[0m
  ↳ app/controllers/api/v1/charities_controller.rb:6:in `index'
Completed 200 OK in 12ms (Views: 10.1ms | ActiveRecord: 1.3ms | Allocations: 5549)


Started GET "/api/v1/charities" for ::1 at 2020-09-05 13:37:32 -0400
Processing by Api::V1::CharitiesController#index as */*
  [1m[36mCharity Load (0.6ms)[0m  [1m[34mSELECT "charities".* FROM "charities"[0m
  ↳ app/controllers/api/v1/charities_controller.rb:6:in `index'
Completed 200 OK in 10ms (Views: 9.6ms | ActiveRecord: 0.6ms | Allocations: 5549)


Started GET "/api/v1/charities" for ::1 at 2020-09-05 13:38:22 -0400
Processing by Api::V1::CharitiesController#index as */*
  [1m[36mCharity Load (0.7ms)[0m  [1m[34mSELECT "charities".* FROM "charities"[0m
  ↳ app/controllers/api/v1/charities_controller.rb:6:in `index'
Completed 200 OK in 13ms (Views: 11.8ms | ActiveRecord: 0.7ms | Allocations: 5549)


Started GET "/api/v1/charities" for ::1 at 2020-09-05 13:38:53 -0400
Processing by Api::V1::CharitiesController#index as */*
  [1m[36mCharity Load (0.7ms)[0m  [1m[34mSELECT "charities".* FROM "charities"[0m
  ↳ app/controllers/api/v1/charities_controller.rb:6:in `index'
Completed 200 OK in 13ms (Views: 11.9ms | ActiveRecord: 0.7ms | Allocations: 5549)


Started GET "/api/v1/charities" for ::1 at 2020-09-05 13:40:42 -0400
Processing by Api::V1::CharitiesController#index as */*
  [1m[36mCharity Load (0.8ms)[0m  [1m[34mSELECT "charities".* FROM "charities"[0m
  ↳ app/controllers/api/v1/charities_controller.rb:6:in `index'
Completed 200 OK in 13ms (Views: 11.4ms | ActiveRecord: 0.8ms | Allocations: 5549)


Started GET "/api/v1/charities" for ::1 at 2020-09-05 13:40:52 -0400
Processing by Api::V1::CharitiesController#index as */*
  [1m[36mCharity Load (0.9ms)[0m  [1m[34mSELECT "charities".* FROM "charities"[0m
  ↳ app/controllers/api/v1/charities_controller.rb:6:in `index'
Completed 200 OK in 18ms (Views: 16.9ms | ActiveRecord: 0.9ms | Allocations: 5549)


Started GET "/api/v1/charities" for ::1 at 2020-09-05 13:41:08 -0400
Processing by Api::V1::CharitiesController#index as */*
  [1m[36mCharity Load (1.4ms)[0m  [1m[34mSELECT "charities".* FROM "charities"[0m
  ↳ app/controllers/api/v1/charities_controller.rb:6:in `index'
Completed 200 OK in 14ms (Views: 12.0ms | ActiveRecord: 1.4ms | Allocations: 5549)


Started GET "/api/v1/charities" for ::1 at 2020-09-05 13:41:33 -0400
Processing by Api::V1::CharitiesController#index as */*
  [1m[36mCharity Load (0.7ms)[0m  [1m[34mSELECT "charities".* FROM "charities"[0m
  ↳ app/controllers/api/v1/charities_controller.rb:6:in `index'
Completed 200 OK in 13ms (Views: 12.5ms | ActiveRecord: 0.7ms | Allocations: 5554)


Started GET "/api/v1/charities" for ::1 at 2020-09-05 13:41:44 -0400
Processing by Api::V1::CharitiesController#index as */*
  [1m[36mCharity Load (0.9ms)[0m  [1m[34mSELECT "charities".* FROM "charities"[0m
  ↳ app/controllers/api/v1/charities_controller.rb:6:in `index'
Completed 200 OK in 88ms (Views: 87.1ms | ActiveRecord: 0.9ms | Allocations: 5552)


Started GET "/api/v1/charities" for ::1 at 2020-09-05 13:42:09 -0400
Processing by Api::V1::CharitiesController#index as */*
  [1m[36mCharity Load (1.5ms)[0m  [1m[34mSELECT "charities".* FROM "charities"[0m
  ↳ app/controllers/api/v1/charities_controller.rb:6:in `index'
Completed 200 OK in 14ms (Views: 12.4ms | ActiveRecord: 1.5ms | Allocations: 5549)


Started GET "/api/v1/charities" for ::1 at 2020-09-05 13:42:24 -0400
Processing by Api::V1::CharitiesController#index as */*
  [1m[36mCharity Load (0.6ms)[0m  [1m[34mSELECT "charities".* FROM "charities"[0m
  ↳ app/controllers/api/v1/charities_controller.rb:6:in `index'
Completed 200 OK in 11ms (Views: 9.6ms | ActiveRecord: 0.6ms | Allocations: 5549)


Started GET "/api/v1/charities" for ::1 at 2020-09-05 13:42:34 -0400
Processing by Api::V1::CharitiesController#index as */*
  [1m[36mCharity Load (1.5ms)[0m  [1m[34mSELECT "charities".* FROM "charities"[0m
  ↳ app/controllers/api/v1/charities_controller.rb:6:in `index'
Completed 200 OK in 12ms (Views: 10.3ms | ActiveRecord: 1.5ms | Allocations: 5549)


Started GET "/api/v1/charities" for ::1 at 2020-09-05 13:43:01 -0400
Processing by Api::V1::CharitiesController#index as */*
  [1m[36mCharity Load (3.5ms)[0m  [1m[34mSELECT "charities".* FROM "charities"[0m
  ↳ app/controllers/api/v1/charities_controller.rb:6:in `index'
Completed 200 OK in 16ms (Views: 11.9ms | ActiveRecord: 3.5ms | Allocations: 5549)


Started GET "/api/v1/charities" for ::1 at 2020-09-05 13:43:09 -0400
Processing by Api::V1::CharitiesController#index as */*
  [1m[36mCharity Load (0.7ms)[0m  [1m[34mSELECT "charities".* FROM "charities"[0m
  ↳ app/controllers/api/v1/charities_controller.rb:6:in `index'
Completed 200 OK in 12ms (Views: 10.9ms | ActiveRecord: 0.7ms | Allocations: 5549)


Started GET "/api/v1/charities" for ::1 at 2020-09-05 13:43:39 -0400
Processing by Api::V1::CharitiesController#index as */*
  [1m[36mCharity Load (0.7ms)[0m  [1m[34mSELECT "charities".* FROM "charities"[0m
  ↳ app/controllers/api/v1/charities_controller.rb:6:in `index'
Completed 200 OK in 11ms (Views: 10.1ms | ActiveRecord: 0.7ms | Allocations: 5549)


Started GET "/api/v1/charities" for ::1 at 2020-09-05 13:43:44 -0400
Processing by Api::V1::CharitiesController#index as */*
  [1m[36mCharity Load (1.0ms)[0m  [1m[34mSELECT "charities".* FROM "charities"[0m
  ↳ app/controllers/api/v1/charities_controller.rb:6:in `index'
Completed 200 OK in 15ms (Views: 14.0ms | ActiveRecord: 1.0ms | Allocations: 5549)


Started GET "/api/v1/charities" for ::1 at 2020-09-05 13:43:59 -0400
Processing by Api::V1::CharitiesController#index as */*
  [1m[36mCharity Load (1.3ms)[0m  [1m[34mSELECT "charities".* FROM "charities"[0m
  ↳ app/controllers/api/v1/charities_controller.rb:6:in `index'
Completed 200 OK in 14ms (Views: 12.8ms | ActiveRecord: 1.3ms | Allocations: 5549)


Started GET "/api/v1/charities" for ::1 at 2020-09-05 13:44:05 -0400
Processing by Api::V1::CharitiesController#index as */*
  [1m[36mCharity Load (0.6ms)[0m  [1m[34mSELECT "charities".* FROM "charities"[0m
  ↳ app/controllers/api/v1/charities_controller.rb:6:in `index'
Completed 200 OK in 12ms (Views: 10.6ms | ActiveRecord: 0.6ms | Allocations: 5549)


Started GET "/api/v1/charities" for ::1 at 2020-09-05 13:44:14 -0400
Processing by Api::V1::CharitiesController#index as */*
  [1m[36mCharity Load (0.6ms)[0m  [1m[34mSELECT "charities".* FROM "charities"[0m
  ↳ app/controllers/api/v1/charities_controller.rb:6:in `index'
Completed 200 OK in 11ms (Views: 10.1ms | ActiveRecord: 0.6ms | Allocations: 5549)


Started GET "/api/v1/charities" for ::1 at 2020-09-05 13:44:30 -0400
Processing by Api::V1::CharitiesController#index as */*
  [1m[36mCharity Load (0.8ms)[0m  [1m[34mSELECT "charities".* FROM "charities"[0m
  ↳ app/controllers/api/v1/charities_controller.rb:6:in `index'
Completed 200 OK in 12ms (Views: 10.3ms | ActiveRecord: 0.8ms | Allocations: 5549)


Started GET "/api/v1/charities" for ::1 at 2020-09-05 13:44:35 -0400
Processing by Api::V1::CharitiesController#index as */*
  [1m[36mCharity Load (1.2ms)[0m  [1m[34mSELECT "charities".* FROM "charities"[0m
  ↳ app/controllers/api/v1/charities_controller.rb:6:in `index'
Completed 200 OK in 14ms (Views: 12.0ms | ActiveRecord: 1.2ms | Allocations: 5549)


Started GET "/api/v1/charities" for ::1 at 2020-09-05 13:44:40 -0400
Processing by Api::V1::CharitiesController#index as */*
  [1m[36mCharity Load (0.7ms)[0m  [1m[34mSELECT "charities".* FROM "charities"[0m
  ↳ app/controllers/api/v1/charities_controller.rb:6:in `index'
Completed 200 OK in 12ms (Views: 10.7ms | ActiveRecord: 0.7ms | Allocations: 5549)


Started GET "/api/v1/charities" for ::1 at 2020-09-05 13:44:45 -0400
Processing by Api::V1::CharitiesController#index as */*
  [1m[36mCharity Load (0.6ms)[0m  [1m[34mSELECT "charities".* FROM "charities"[0m
  ↳ app/controllers/api/v1/charities_controller.rb:6:in `index'
Completed 200 OK in 13ms (Views: 11.6ms | ActiveRecord: 0.6ms | Allocations: 5549)


Started GET "/api/v1/charities" for ::1 at 2020-09-05 13:44:51 -0400
Processing by Api::V1::CharitiesController#index as */*
  [1m[36mCharity Load (1.3ms)[0m  [1m[34mSELECT "charities".* FROM "charities"[0m
  ↳ app/controllers/api/v1/charities_controller.rb:6:in `index'
Completed 200 OK in 13ms (Views: 11.1ms | ActiveRecord: 1.3ms | Allocations: 5549)


Started GET "/api/v1/charities" for ::1 at 2020-09-05 13:44:55 -0400
Processing by Api::V1::CharitiesController#index as */*
  [1m[36mCharity Load (0.6ms)[0m  [1m[34mSELECT "charities".* FROM "charities"[0m
  ↳ app/controllers/api/v1/charities_controller.rb:6:in `index'
Completed 200 OK in 14ms (Views: 10.5ms | ActiveRecord: 0.6ms | Allocations: 5549)


Started GET "/api/v1/charities" for ::1 at 2020-09-05 13:45:00 -0400
Processing by Api::V1::CharitiesController#index as */*
  [1m[36mCharity Load (0.6ms)[0m  [1m[34mSELECT "charities".* FROM "charities"[0m
  ↳ app/controllers/api/v1/charities_controller.rb:6:in `index'
Completed 200 OK in 11ms (Views: 9.8ms | ActiveRecord: 0.6ms | Allocations: 5549)


Started GET "/api/v1/charities" for ::1 at 2020-09-05 13:45:05 -0400
Processing by Api::V1::CharitiesController#index as */*
  [1m[36mCharity Load (0.8ms)[0m  [1m[34mSELECT "charities".* FROM "charities"[0m
  ↳ app/controllers/api/v1/charities_controller.rb:6:in `index'
Completed 200 OK in 40ms (Views: 39.3ms | ActiveRecord: 0.8ms | Allocations: 5552)


Started GET "/api/v1/charities" for ::1 at 2020-09-05 13:45:10 -0400
Processing by Api::V1::CharitiesController#index as */*
  [1m[36mCharity Load (0.6ms)[0m  [1m[34mSELECT "charities".* FROM "charities"[0m
  ↳ app/controllers/api/v1/charities_controller.rb:6:in `index'
Completed 200 OK in 11ms (Views: 10.0ms | ActiveRecord: 0.6ms | Allocations: 5549)


Started GET "/api/v1/charities" for ::1 at 2020-09-05 13:45:14 -0400
Processing by Api::V1::CharitiesController#index as */*
  [1m[36mCharity Load (0.6ms)[0m  [1m[34mSELECT "charities".* FROM "charities"[0m
  ↳ app/controllers/api/v1/charities_controller.rb:6:in `index'
Completed 200 OK in 11ms (Views: 9.7ms | ActiveRecord: 0.6ms | Allocations: 5549)


Started GET "/api/v1/charities" for ::1 at 2020-09-05 13:45:22 -0400
Processing by Api::V1::CharitiesController#index as */*
  [1m[36mCharity Load (10.7ms)[0m  [1m[34mSELECT "charities".* FROM "charities"[0m
  ↳ app/controllers/api/v1/charities_controller.rb:6:in `index'
Completed 200 OK in 20ms (Views: 9.4ms | ActiveRecord: 10.7ms | Allocations: 5549)


Started GET "/api/v1/charities" for ::1 at 2020-09-05 13:45:28 -0400
Processing by Api::V1::CharitiesController#index as */*
  [1m[36mCharity Load (0.7ms)[0m  [1m[34mSELECT "charities".* FROM "charities"[0m
  ↳ app/controllers/api/v1/charities_controller.rb:6:in `index'
Completed 200 OK in 11ms (Views: 9.8ms | ActiveRecord: 0.7ms | Allocations: 5549)


Started GET "/api/v1/charities" for ::1 at 2020-09-05 13:45:40 -0400
Processing by Api::V1::CharitiesController#index as */*
  [1m[36mCharity Load (3.2ms)[0m  [1m[34mSELECT "charities".* FROM "charities"[0m
  ↳ app/controllers/api/v1/charities_controller.rb:6:in `index'
Completed 200 OK in 13ms (Views: 9.8ms | ActiveRecord: 3.2ms | Allocations: 5549)


Started GET "/api/v1/charities" for ::1 at 2020-09-05 13:45:45 -0400
Processing by Api::V1::CharitiesController#index as */*
  [1m[36mCharity Load (0.7ms)[0m  [1m[34mSELECT "charities".* FROM "charities"[0m
  ↳ app/controllers/api/v1/charities_controller.rb:6:in `index'
Completed 200 OK in 12ms (Views: 10.5ms | ActiveRecord: 0.7ms | Allocations: 5549)


Started GET "/api/v1/charities" for ::1 at 2020-09-05 13:46:06 -0400
Processing by Api::V1::CharitiesController#index as */*
  [1m[36mCharity Load (0.6ms)[0m  [1m[34mSELECT "charities".* FROM "charities"[0m
  ↳ app/controllers/api/v1/charities_controller.rb:6:in `index'
Completed 200 OK in 10ms (Views: 9.3ms | ActiveRecord: 0.6ms | Allocations: 5549)


Started GET "/api/v1/charities" for ::1 at 2020-09-05 13:46:15 -0400
Processing by Api::V1::CharitiesController#index as */*
  [1m[36mCharity Load (0.6ms)[0m  [1m[34mSELECT "charities".* FROM "charities"[0m
  ↳ app/controllers/api/v1/charities_controller.rb:6:in `index'
Completed 200 OK in 9ms (Views: 8.6ms | ActiveRecord: 0.6ms | Allocations: 5549)


Started GET "/api/v1/charities" for ::1 at 2020-09-05 13:46:45 -0400
Processing by Api::V1::CharitiesController#index as */*
  [1m[36mCharity Load (0.9ms)[0m  [1m[34mSELECT "charities".* FROM "charities"[0m
  ↳ app/controllers/api/v1/charities_controller.rb:6:in `index'
Completed 200 OK in 10ms (Views: 9.1ms | ActiveRecord: 0.9ms | Allocations: 5549)


Started GET "/api/v1/charities" for ::1 at 2020-09-05 13:46:54 -0400
Processing by Api::V1::CharitiesController#index as */*
  [1m[36mCharity Load (9.9ms)[0m  [1m[34mSELECT "charities".* FROM "charities"[0m
  ↳ app/controllers/api/v1/charities_controller.rb:6:in `index'
Completed 200 OK in 20ms (Views: 10.0ms | ActiveRecord: 9.9ms | Allocations: 5549)


Started POST "/login" for ::1 at 2020-09-05 13:47:21 -0400
Processing by AuthController#create as JSON
  Parameters: {"username"=>"romi", "password"=>"[FILTERED]", "auth"=>{"username"=>"romi", "password"=>"[FILTERED]"}}
  [1m[36mUser Load (1.0ms)[0m  [1m[34mSELECT "users".* FROM "users" WHERE "users"."username" = $1 LIMIT $2[0m  [["username", "romi"], ["LIMIT", 1]]
  ↳ app/controllers/auth_controller.rb:3:in `create'
Completed 200 OK in 271ms (Views: 0.7ms | ActiveRecord: 1.4ms | Allocations: 866)


Started POST "/api/v1/donations" for ::1 at 2020-09-05 13:47:30 -0400
Processing by Api::V1::DonationsController#create as JSON
  Parameters: {"token"=>{"id"=>"tok_1HO5U4AGocA737x75K9rtqeZ", "object"=>"token", "card"=>{"id"=>"card_1HO5U3AGocA737x7sVKu0U0Q", "object"=>"card", "address_city"=>nil, "address_country"=>nil, "address_line1"=>nil, "address_line1_check"=>nil, "address_line2"=>nil, "address_state"=>nil, "address_zip"=>nil, "address_zip_check"=>nil, "brand"=>"Visa", "country"=>"US", "cvc_check"=>"pass", "dynamic_last4"=>nil, "exp_month"=>12, "exp_year"=>2022, "funding"=>"credit", "last4"=>"4242", "metadata"=>{}, "name"=>"faker@gmail.com", "tokenization_method"=>nil}, "client_ip"=>"96.250.125.111", "created"=>1599328048, "email"=>"faker@gmail.com", "livemode"=>false, "type"=>"card", "used"=>false}, "addresses"=>{}, "amount"=>0, "donation"=>{}}
Completed 500 Internal Server Error in 1185ms (ActiveRecord: 0.0ms | Allocations: 4248)


  
Stripe::InvalidRequestError (This value must be greater than or equal to 1.):
  
app/controllers/api/v1/donations_controller.rb:19:in `create'
Started POST "/api/v1/donations" for ::1 at 2020-09-05 13:48:07 -0400
Processing by Api::V1::DonationsController#create as JSON
  Parameters: {"token"=>{"id"=>"tok_1HO5UfAGocA737x7IuRNEjfQ", "object"=>"token", "card"=>{"id"=>"card_1HO5UeAGocA737x7UQFEVGqZ", "object"=>"card", "address_city"=>nil, "address_country"=>nil, "address_line1"=>nil, "address_line1_check"=>nil, "address_line2"=>nil, "address_state"=>nil, "address_zip"=>nil, "address_zip_check"=>nil, "brand"=>"Visa", "country"=>"US", "cvc_check"=>"pass", "dynamic_last4"=>nil, "exp_month"=>12, "exp_year"=>2022, "funding"=>"credit", "last4"=>"4242", "metadata"=>{}, "name"=>"faker@gmail.com", "tokenization_method"=>nil}, "client_ip"=>"96.250.125.111", "created"=>1599328085, "email"=>"faker@gmail.com", "livemode"=>false, "type"=>"card", "used"=>false}, "addresses"=>{}, "amount"=>0, "donation"=>{}}
Completed 500 Internal Server Error in 1201ms (ActiveRecord: 0.0ms | Allocations: 4215)


  
Stripe::InvalidRequestError (This value must be greater than or equal to 1.):
  
app/controllers/api/v1/donations_controller.rb:19:in `create'
Started POST "/signup" for ::1 at 2020-09-05 13:50:28 -0400
Processing by UsersController#create as JSON
  Parameters: {"username"=>"nimi", "password"=>"[FILTERED]", "user"=>{"username"=>"nimi"}}
[31mUnpermitted parameter: :user[0m
  [1m[35m (12.6ms)[0m  [1m[35mBEGIN[0m
  ↳ app/controllers/users_controller.rb:3:in `create'
  [1m[36mUser Create (21.8ms)[0m  [1m[32mINSERT INTO "users" ("username", "password_digest", "created_at", "updated_at") VALUES ($1, $2, $3, $4) RETURNING "id"[0m  [["username", "nimi"], ["password_digest", "$2a$12$ZZp4ZY746po2mL6nMufP3ep9j8a2y.DXcnbJV.W.lp4GclLTnth5m"], ["created_at", "2020-09-05 17:50:29.143228"], ["updated_at", "2020-09-05 17:50:29.143228"]]
  ↳ app/controllers/users_controller.rb:3:in `create'
  [1m[35m (5.6ms)[0m  [1m[35mCOMMIT[0m
  ↳ app/controllers/users_controller.rb:3:in `create'
Completed 200 OK in 327ms (Views: 0.3ms | ActiveRecord: 39.9ms | Allocations: 2587)


Started GET "/api/v1/charities" for ::1 at 2020-09-05 13:51:29 -0400
Processing by Api::V1::CharitiesController#index as */*
  [1m[36mCharity Load (0.7ms)[0m  [1m[34mSELECT "charities".* FROM "charities"[0m
  ↳ app/controllers/api/v1/charities_controller.rb:6:in `index'
Completed 200 OK in 10ms (Views: 9.1ms | ActiveRecord: 0.7ms | Allocations: 5549)


Started GET "/api/v1/charities" for ::1 at 2020-09-05 13:51:44 -0400
Processing by Api::V1::CharitiesController#index as */*
  [1m[36mCharity Load (10.4ms)[0m  [1m[34mSELECT "charities".* FROM "charities"[0m
  ↳ app/controllers/api/v1/charities_controller.rb:6:in `index'
Completed 200 OK in 24ms (Views: 11.0ms | ActiveRecord: 10.4ms | Allocations: 5549)


Started GET "/api/v1/charities" for ::1 at 2020-09-05 15:19:51 -0400
Processing by Api::V1::CharitiesController#index as */*
  [1m[36mCharity Load (5.4ms)[0m  [1m[34mSELECT "charities".* FROM "charities"[0m
  ↳ app/controllers/api/v1/charities_controller.rb:6:in `index'
Completed 200 OK in 100ms (Views: 82.4ms | ActiveRecord: 5.4ms | Allocations: 5610)


Started GET "/api/v1/charities" for ::1 at 2020-09-05 15:20:37 -0400
Processing by Api::V1::CharitiesController#index as */*
  [1m[36mCharity Load (0.7ms)[0m  [1m[34mSELECT "charities".* FROM "charities"[0m
  ↳ app/controllers/api/v1/charities_controller.rb:6:in `index'
Completed 200 OK in 15ms (Views: 13.7ms | ActiveRecord: 0.7ms | Allocations: 5549)


Started GET "/api/styles.css" for 127.0.0.1 at 2020-09-05 15:26:38 -0400
  
ActionController::RoutingError (No route matches [GET] "/api/styles.css"):
  
actionpack (6.0.0.rc2) lib/action_dispatch/middleware/debug_exceptions.rb:36:in `call'
actionpack (6.0.0.rc2) lib/action_dispatch/middleware/show_exceptions.rb:33:in `call'
railties (6.0.0.rc2) lib/rails/rack/logger.rb:38:in `call_app'
railties (6.0.0.rc2) lib/rails/rack/logger.rb:26:in `block in call'
activesupport (6.0.0.rc2) lib/active_support/tagged_logging.rb:80:in `block in tagged'
activesupport (6.0.0.rc2) lib/active_support/tagged_logging.rb:28:in `tagged'
activesupport (6.0.0.rc2) lib/active_support/tagged_logging.rb:80:in `tagged'
railties (6.0.0.rc2) lib/rails/rack/logger.rb:26:in `call'
actionpack (6.0.0.rc2) lib/action_dispatch/middleware/remote_ip.rb:81:in `call'
actionpack (6.0.0.rc2) lib/action_dispatch/middleware/request_id.rb:27:in `call'
rack (2.0.7) lib/rack/runtime.rb:22:in `call'
activesupport (6.0.0.rc2) lib/active_support/cache/strategy/local_cache_middleware.rb:29:in `call'
actionpack (6.0.0.rc2) lib/action_dispatch/middleware/executor.rb:14:in `call'
actionpack (6.0.0.rc2) lib/action_dispatch/middleware/static.rb:126:in `call'
rack (2.0.7) lib/rack/sendfile.rb:111:in `call'
actionpack (6.0.0.rc2) lib/action_dispatch/middleware/host_authorization.rb:83:in `call'
rack-cors (1.0.3) lib/rack/cors.rb:95:in `call'
railties (6.0.0.rc2) lib/rails/engine.rb:526:in `call'
puma (3.12.1) lib/puma/configuration.rb:227:in `call'
puma (3.12.1) lib/puma/server.rb:660:in `handle_request'
puma (3.12.1) lib/puma/server.rb:474:in `process_client'
puma (3.12.1) lib/puma/server.rb:334:in `block in run'
puma (3.12.1) lib/puma/thread_pool.rb:135:in `block in spawn_thread'
Started GET "/api/v1/charities" for ::1 at 2020-09-05 15:26:39 -0400
Processing by Api::V1::CharitiesController#index as */*
  [1m[36mCharity Load (1.2ms)[0m  [1m[34mSELECT "charities".* FROM "charities"[0m
  ↳ app/controllers/api/v1/charities_controller.rb:6:in `index'
Completed 200 OK in 27ms (Views: 23.1ms | ActiveRecord: 1.2ms | Allocations: 5609)


Started GET "/api/v1/charities" for ::1 at 2020-09-05 15:27:39 -0400
Processing by Api::V1::CharitiesController#index as */*
  [1m[36mCharity Load (1.1ms)[0m  [1m[34mSELECT "charities".* FROM "charities"[0m
  ↳ app/controllers/api/v1/charities_controller.rb:6:in `index'
Completed 200 OK in 20ms (Views: 17.2ms | ActiveRecord: 1.1ms | Allocations: 5549)


